{"data":{},"level":"info","message":"Data received","timestamp":"2025-05-01T07:56:05.107Z"}
{"data":{},"level":"info","message":"Data received","timestamp":"2025-05-01T07:56:05.117Z"}
{"data":{},"level":"info","message":"Data received","timestamp":"2025-05-01T07:56:05.826Z"}
{"data":{},"level":"info","message":"Data received","timestamp":"2025-05-01T07:56:05.828Z"}
{"data":{},"level":"info","message":"Data received","timestamp":"2025-05-01T07:56:05.830Z"}
{"data":{},"level":"info","message":"Data received","timestamp":"2025-05-01T07:56:05.878Z"}
{"data":{},"level":"info","message":"Data received","timestamp":"2025-05-01T07:56:05.880Z"}
{"data":{},"level":"info","message":"Data received","timestamp":"2025-05-01T07:56:05.900Z"}
{"data":{},"level":"info","message":"Data received","timestamp":"2025-05-01T07:56:05.986Z"}
{"data":{},"level":"info","message":"Data received","timestamp":"2025-05-01T07:56:05.987Z"}
{"data":{},"level":"info","message":"Data received","timestamp":"2025-05-01T07:56:05.989Z"}
{"data":{},"level":"info","message":"Data received","timestamp":"2025-05-01T07:56:06.030Z"}
{"data":{},"level":"info","message":"Data received","timestamp":"2025-05-01T07:56:06.035Z"}
{"data":{},"level":"info","message":"Data received","timestamp":"2025-05-01T07:56:06.142Z"}
{"data":{"headers":{"auth-token":"eyJhbGciOiJIUzI1NiIsInR5cCI6IkpXVCJ9.eyJfaWQiOiI2ODEyMzM0MzQxMTdkYjliOWRmZmFjM2UiLCJpYXQiOjE3NDYwMjMyMzV9.Z-SngW24YDSbMVe3YfKnYFsQqPdVOyUqwFa3_WT2Kl8"},"userId":"681233434117db9b9dffac3e"},"level":"info","message":"Data received","timestamp":"2025-05-01T07:56:09.468Z"}
{"data":{},"level":"info","message":"Data received news","timestamp":"2025-05-01T07:56:12.960Z"}
{"data":{},"level":"info","message":"Data received","timestamp":"2025-05-01T07:56:17.473Z"}
{"data":{},"level":"info","message":"Data received","timestamp":"2025-05-01T07:56:20.685Z"}
{"data":{},"level":"info","message":"Data received","timestamp":"2025-05-01T07:56:21.167Z"}
{"data":{},"level":"info","message":"Data received","timestamp":"2025-05-01T07:56:21.172Z"}
{"data":{},"level":"info","message":"Data received","timestamp":"2025-05-01T07:56:21.263Z"}
{"data":{},"level":"info","message":"Data received","timestamp":"2025-05-01T07:56:21.272Z"}
{"data":{},"level":"info","message":"Data received","timestamp":"2025-05-01T07:56:21.273Z"}
{"data":{},"level":"info","message":"Data received","timestamp":"2025-05-01T07:56:21.275Z"}
{"data":{},"level":"info","message":"Data received","timestamp":"2025-05-01T07:56:21.317Z"}
{"data":{},"level":"info","message":"Data received","timestamp":"2025-05-01T07:56:21.322Z"}
{"data":{},"level":"info","message":"Data received","timestamp":"2025-05-01T07:56:21.417Z"}
{"data":{},"level":"info","message":"Data received","timestamp":"2025-05-01T07:56:21.419Z"}
{"data":{},"level":"info","message":"Data received","timestamp":"2025-05-01T07:56:21.432Z"}
{"data":{},"level":"info","message":"Data received","timestamp":"2025-05-01T07:56:21.434Z"}
{"data":{},"level":"info","message":"Data received news","timestamp":"2025-05-01T07:56:33.684Z"}
{"data":{"headers":{"auth-token":"eyJhbGciOiJIUzI1NiIsInR5cCI6IkpXVCJ9.eyJfaWQiOiI2ODEyMzM0MzQxMTdkYjliOWRmZmFjM2UiLCJpYXQiOjE3NDYwMjMyMzV9.Z-SngW24YDSbMVe3YfKnYFsQqPdVOyUqwFa3_WT2Kl8"},"userId":"681233434117db9b9dffac3e"},"level":"info","message":"Data received","timestamp":"2025-05-01T07:56:37.339Z"}
{"data":{},"level":"info","message":"Data received","timestamp":"2025-05-01T07:56:39.246Z"}
{"data":{},"level":"info","message":"Data received","timestamp":"2025-05-01T07:56:42.334Z"}
{"data":{},"level":"info","message":"Data received","timestamp":"2025-05-01T07:56:42.786Z"}
{"data":{},"level":"info","message":"Data received","timestamp":"2025-05-01T07:56:42.788Z"}
{"data":{},"level":"info","message":"Data received","timestamp":"2025-05-01T07:56:42.877Z"}
{"data":{},"level":"info","message":"Data received","timestamp":"2025-05-01T07:56:42.958Z"}
{"data":{},"level":"info","message":"Data received","timestamp":"2025-05-01T07:56:42.960Z"}
{"data":{},"level":"info","message":"Data received","timestamp":"2025-05-01T07:56:42.962Z"}
{"data":{},"level":"info","message":"Data received","timestamp":"2025-05-01T07:56:42.964Z"}
{"data":{},"level":"info","message":"Data received","timestamp":"2025-05-01T07:56:42.965Z"}
{"data":{},"level":"info","message":"Data received","timestamp":"2025-05-01T07:56:43.032Z"}
{"data":{},"level":"info","message":"Data received","timestamp":"2025-05-01T07:56:43.108Z"}
{"data":{},"level":"info","message":"Data received","timestamp":"2025-05-01T07:56:43.109Z"}
{"data":{},"level":"info","message":"Data received","timestamp":"2025-05-01T07:56:43.112Z"}
{"data":{},"level":"info","message":"Data received news","timestamp":"2025-05-01T07:56:47.355Z"}
{"data":{},"level":"info","message":"Data received","timestamp":"2025-05-01T07:56:51.458Z"}
{"data":{"headers":{"auth-token":"eyJhbGciOiJIUzI1NiIsInR5cCI6IkpXVCJ9.eyJfaWQiOiI2ODEyMzM0MzQxMTdkYjliOWRmZmFjM2UiLCJpYXQiOjE3NDYwMjMyMzV9.Z-SngW24YDSbMVe3YfKnYFsQqPdVOyUqwFa3_WT2Kl8"},"userId":"681233434117db9b9dffac3e"},"level":"info","message":"Data received","timestamp":"2025-05-01T07:56:56.274Z"}
{"data":{},"level":"info","message":"Data received","timestamp":"2025-05-01T07:56:58.045Z"}
{"error":"Cannot set headers after they are sent to the client","level":"error","message":"Error saving data","timestamp":"2025-05-01T07:56:58.419Z"}
{"data":{},"level":"info","message":"Data received","timestamp":"2025-05-01T07:57:00.564Z"}
{"data":{},"level":"info","message":"Data received","timestamp":"2025-05-01T07:57:00.626Z"}
{"data":{},"level":"info","message":"Data received","timestamp":"2025-05-01T07:57:02.933Z"}
{"data":{},"level":"info","message":"Data received","timestamp":"2025-05-01T07:57:02.935Z"}
{"error":"Cannot set headers after they are sent to the client","level":"error","message":"Error saving data","timestamp":"2025-05-01T07:57:03.307Z"}
{"data":{},"level":"info","message":"Data received","timestamp":"2025-05-01T07:57:03.497Z"}
{"data":{},"level":"info","message":"Data received","timestamp":"2025-05-01T07:57:03.499Z"}
{"data":{},"level":"info","message":"Data received","timestamp":"2025-05-01T07:57:03.500Z"}
{"data":{},"level":"info","message":"Data received","timestamp":"2025-05-01T07:57:03.506Z"}
{"data":{},"level":"info","message":"Data received","timestamp":"2025-05-01T07:57:03.508Z"}
{"data":{},"level":"info","message":"Data received","timestamp":"2025-05-01T07:57:03.553Z"}
{"data":{},"level":"info","message":"Data received","timestamp":"2025-05-01T07:57:03.648Z"}
{"data":{},"level":"info","message":"Data received","timestamp":"2025-05-01T07:57:03.653Z"}
{"data":{},"level":"info","message":"Data received","timestamp":"2025-05-01T07:57:03.654Z"}
{"data":{},"level":"info","message":"Data received","timestamp":"2025-05-01T07:57:03.657Z"}
{"data":{},"level":"info","message":"Data received","timestamp":"2025-05-01T07:57:03.658Z"}
{"data":{},"level":"info","message":"Data received","timestamp":"2025-05-01T07:57:03.705Z"}
{"level":"info","message":"randomDoc","timestamp":"2025-05-01T08:14:07.507Z"}
{"level":"info","message":[{"__v":0,"_id":"6810c93b8e22d4f5e53706e0","available":true,"createdAt":"2025-04-29T12:42:35.258Z","updatedAt":"2025-04-29T12:42:35.258Z","version":2,"yourID":"95af517a-aefc-47f6-af95-e7a9e42cc54c"}],"timestamp":"2025-05-01T08:14:07.509Z"}
{"data":{"headers":{"auth-token":"eyJhbGciOiJIUzI1NiIsInR5cCI6IkpXVCJ9.eyJfaWQiOiI2ODEyMzM0MzQxMTdkYjliOWRmZmFjM2UiLCJpYXQiOjE3NDYwMjMyMzV9.Z-SngW24YDSbMVe3YfKnYFsQqPdVOyUqwFa3_WT2Kl8"}},"level":"info","message":"Data received","timestamp":"2025-05-01T08:14:09.778Z"}
{"data":{"feedback":"","q1":"62","q10":"","q2":"option3","q3":"option3","q4":"option2","q5":"","q6":"26","q7":"option1","q8":"option7","q9":""},"level":"info","message":"Data received","timestamp":"2025-05-01T08:14:30.128Z"}
{"data":{"headers":{"auth-token":"eyJhbGciOiJIUzI1NiIsInR5cCI6IkpXVCJ9.eyJfaWQiOiI2ODEyMzM0MzQxMTdkYjliOWRmZmFjM2UiLCJpYXQiOjE3NDYwMjMyMzV9.Z-SngW24YDSbMVe3YfKnYFsQqPdVOyUqwFa3_WT2Kl8"}},"level":"info","message":"Data received","timestamp":"2025-05-01T08:14:30.627Z"}
{"data":{"password":"","pool":"2","profilePicture":"Blaues Huhn.webp","username":"Plavo Pile","username_second":"Biskuit-Samurai"},"level":"info","message":"Data received","timestamp":"2025-05-01T08:14:34.767Z"}
{"data":{"headers":{"auth-token":"eyJhbGciOiJIUzI1NiIsInR5cCI6IkpXVCJ9.eyJfaWQiOiI2ODEzMmQ2YTg2NjgwYWI5MjY5MGZjNGYiLCJpYXQiOjE3NDYwODcyNzV9.B7IV5p2uS1EWF0-7IOgDr9yxSrLpFR7JNQfYyLeXi2E"},"userId":"68132d6a86680ab92690fc4f","version":"2"},"level":"info","message":"Data received","timestamp":"2025-05-01T08:14:35.507Z"}
{"data":{},"level":"info","message":"Data received","timestamp":"2025-05-01T08:14:37.264Z"}
{"data":{},"level":"info","message":"Data received","timestamp":"2025-05-01T08:14:37.267Z"}
{"data":{},"level":"info","message":"Data received","timestamp":"2025-05-01T08:14:37.708Z"}
{"data":{},"level":"info","message":"Data received","timestamp":"2025-05-01T08:14:37.710Z"}
{"data":{},"level":"info","message":"Data received","timestamp":"2025-05-01T08:14:37.711Z"}
{"data":{},"level":"info","message":"Data received","timestamp":"2025-05-01T08:14:37.776Z"}
{"data":{},"level":"info","message":"Data received","timestamp":"2025-05-01T08:14:37.777Z"}
{"data":{},"level":"info","message":"Data received","timestamp":"2025-05-01T08:14:37.779Z"}
{"data":{},"level":"info","message":"Data received","timestamp":"2025-05-01T08:14:37.870Z"}
{"data":{},"level":"info","message":"Data received","timestamp":"2025-05-01T08:14:37.872Z"}
{"data":{},"level":"info","message":"Data received","timestamp":"2025-05-01T08:14:37.873Z"}
{"data":{},"level":"info","message":"Data received","timestamp":"2025-05-01T08:14:37.922Z"}
{"data":{},"level":"info","message":"Data received","timestamp":"2025-05-01T08:14:37.927Z"}
{"data":{},"level":"info","message":"Data received","timestamp":"2025-05-01T08:14:38.036Z"}
{"data":{},"level":"info","message":"Data received","timestamp":"2025-05-01T08:17:38.554Z"}
{"data":{},"level":"info","message":"Data received","timestamp":"2025-05-01T08:17:38.564Z"}
{"data":{},"level":"info","message":"Data received","timestamp":"2025-05-01T08:17:39.016Z"}
{"data":{},"level":"info","message":"Data received","timestamp":"2025-05-01T08:17:39.018Z"}
{"data":{},"level":"info","message":"Data received","timestamp":"2025-05-01T08:17:39.019Z"}
{"data":{},"level":"info","message":"Data received","timestamp":"2025-05-01T08:17:39.077Z"}
{"data":{},"level":"info","message":"Data received","timestamp":"2025-05-01T08:17:39.096Z"}
{"data":{},"level":"info","message":"Data received","timestamp":"2025-05-01T08:17:39.097Z"}
{"data":{},"level":"info","message":"Data received","timestamp":"2025-05-01T08:17:39.173Z"}
{"data":{},"level":"info","message":"Data received","timestamp":"2025-05-01T08:17:39.174Z"}
{"data":{},"level":"info","message":"Data received","timestamp":"2025-05-01T08:17:39.177Z"}
{"data":{},"level":"info","message":"Data received","timestamp":"2025-05-01T08:17:39.222Z"}
{"data":{},"level":"info","message":"Data received","timestamp":"2025-05-01T08:17:39.237Z"}
{"data":{},"level":"info","message":"Data received","timestamp":"2025-05-01T08:17:39.330Z"}
{"data":{"headers":{"auth-token":"eyJhbGciOiJIUzI1NiIsInR5cCI6IkpXVCJ9.eyJfaWQiOiI2ODEzMmQ2YTg2NjgwYWI5MjY5MGZjNGYiLCJpYXQiOjE3NDYwODcyNzV9.B7IV5p2uS1EWF0-7IOgDr9yxSrLpFR7JNQfYyLeXi2E"},"userId":"68132d6a86680ab92690fc4f"},"level":"info","message":"Data received","timestamp":"2025-05-01T08:17:54.059Z"}
{"data":{"headers":{"auth-token":"eyJhbGciOiJIUzI1NiIsInR5cCI6IkpXVCJ9.eyJfaWQiOiI2ODEzMmQ2YTg2NjgwYWI5MjY5MGZjNGYiLCJpYXQiOjE3NDYwODcyNzV9.B7IV5p2uS1EWF0-7IOgDr9yxSrLpFR7JNQfYyLeXi2E"},"userId":"68132d6a86680ab92690fc4f"},"level":"info","message":"Data received","timestamp":"2025-05-01T08:17:55.348Z"}
{"data":{},"level":"info","message":"Data received news","timestamp":"2025-05-01T08:17:58.422Z"}
{"data":{},"level":"info","message":"Data received","timestamp":"2025-05-01T08:18:05.676Z"}
{"data":{},"level":"info","message":"Data received","timestamp":"2025-05-01T08:18:08.638Z"}
{"data":{},"level":"info","message":"Data received","timestamp":"2025-05-01T08:18:09.067Z"}
{"data":{},"level":"info","message":"Data received","timestamp":"2025-05-01T08:18:09.073Z"}
{"data":{},"level":"info","message":"Data received","timestamp":"2025-05-01T08:18:09.138Z"}
{"data":{},"level":"info","message":"Data received","timestamp":"2025-05-01T08:18:09.139Z"}
{"data":{},"level":"info","message":"Data received","timestamp":"2025-05-01T08:18:09.147Z"}
{"data":{},"level":"info","message":"Data received","timestamp":"2025-05-01T08:18:09.160Z"}
{"data":{},"level":"info","message":"Data received","timestamp":"2025-05-01T08:18:09.263Z"}
{"data":{},"level":"info","message":"Data received","timestamp":"2025-05-01T08:18:09.265Z"}
{"data":{},"level":"info","message":"Data received","timestamp":"2025-05-01T08:18:09.282Z"}
{"data":{},"level":"info","message":"Data received","timestamp":"2025-05-01T08:18:09.283Z"}
{"data":{},"level":"info","message":"Data received","timestamp":"2025-05-01T08:18:09.347Z"}
{"data":{},"level":"info","message":"Data received","timestamp":"2025-05-01T08:18:09.348Z"}
{"level":"info","message":"randomDoc","timestamp":"2025-05-01T08:21:37.873Z"}
{"level":"info","message":[{"__v":0,"_id":"6810c93b8e22d4f5e5370710","available":true,"createdAt":"2025-04-29T12:42:35.260Z","updatedAt":"2025-04-29T12:42:35.260Z","version":2,"yourID":"70a57442-128b-475c-ac50-76d91fb1742b"}],"timestamp":"2025-05-01T08:21:37.875Z"}
{"data":{"headers":{"auth-token":"eyJhbGciOiJIUzI1NiIsInR5cCI6IkpXVCJ9.eyJfaWQiOiI2ODEzMmQ2YTg2NjgwYWI5MjY5MGZjNGYiLCJpYXQiOjE3NDYwODcyNzV9.B7IV5p2uS1EWF0-7IOgDr9yxSrLpFR7JNQfYyLeXi2E"}},"level":"info","message":"Data received","timestamp":"2025-05-01T08:21:40.992Z"}
{"data":{"feedback":"","q1":"62","q10":"","q2":"option2","q3":"option2","q4":"option1","q5":"","q6":"23","q7":"option1","q8":"option7","q9":""},"level":"info","message":"Data received","timestamp":"2025-05-01T08:22:03.228Z"}
{"data":{"headers":{"auth-token":"eyJhbGciOiJIUzI1NiIsInR5cCI6IkpXVCJ9.eyJfaWQiOiI2ODEzMmQ2YTg2NjgwYWI5MjY5MGZjNGYiLCJpYXQiOjE3NDYwODcyNzV9.B7IV5p2uS1EWF0-7IOgDr9yxSrLpFR7JNQfYyLeXi2E"}},"level":"info","message":"Data received","timestamp":"2025-05-01T08:22:03.692Z"}
{"data":{"password":"","pool":"2","profilePicture":"Rosa Biene.webp","username":"Roze Pčela","username_second":"Dunkelblauer Pinguin"},"level":"info","message":"Data received","timestamp":"2025-05-01T08:22:07.804Z"}
{"data":{"headers":{"auth-token":"eyJhbGciOiJIUzI1NiIsInR5cCI6IkpXVCJ9.eyJfaWQiOiI2ODEzMmYyZjJiZDIyMWZiMTlkNzJiNWUiLCJpYXQiOjE3NDYwODc3Mjh9.VlPb7FspzcT-yvv0_SzVZmudTX4pIHkV7-xrEskViac"},"userId":"68132f2f2bd221fb19d72b5e","version":"2"},"level":"info","message":"Data received","timestamp":"2025-05-01T08:22:08.412Z"}
{"data":{},"level":"info","message":"Data received","timestamp":"2025-05-01T08:22:10.015Z"}
{"data":{},"level":"info","message":"Data received","timestamp":"2025-05-01T08:22:10.018Z"}
{"data":{},"level":"info","message":"Data received","timestamp":"2025-05-01T08:22:10.491Z"}
{"data":{},"level":"info","message":"Data received","timestamp":"2025-05-01T08:22:10.493Z"}
{"data":{},"level":"info","message":"Data received","timestamp":"2025-05-01T08:22:10.494Z"}
{"data":{},"level":"info","message":"Data received","timestamp":"2025-05-01T08:22:10.565Z"}
{"data":{},"level":"info","message":"Data received","timestamp":"2025-05-01T08:22:10.578Z"}
{"data":{},"level":"info","message":"Data received","timestamp":"2025-05-01T08:22:10.579Z"}
{"data":{},"level":"info","message":"Data received","timestamp":"2025-05-01T08:22:10.644Z"}
{"data":{},"level":"info","message":"Data received","timestamp":"2025-05-01T08:22:10.646Z"}
{"data":{},"level":"info","message":"Data received","timestamp":"2025-05-01T08:22:10.660Z"}
{"data":{},"level":"info","message":"Data received","timestamp":"2025-05-01T08:22:10.715Z"}
{"data":{},"level":"info","message":"Data received","timestamp":"2025-05-01T08:22:10.732Z"}
{"data":{},"level":"info","message":"Data received","timestamp":"2025-05-01T08:22:10.794Z"}
{"level":"info","message":"randomDoc","timestamp":"2025-05-01T08:30:52.707Z"}
{"level":"info","message":[{"__v":0,"_id":"6810c93b8e22d4f5e5370946","available":true,"createdAt":"2025-04-29T12:42:35.261Z","updatedAt":"2025-04-29T12:42:35.261Z","version":3,"yourID":"02254877-79de-4fa8-9832-93e4adfd749c"}],"timestamp":"2025-05-01T08:30:52.709Z"}
{"level":"info","message":"randomDoc","timestamp":"2025-05-01T08:48:16.491Z"}
{"level":"info","message":[{"__v":0,"_id":"6810c93b8e22d4f5e53703ba","available":true,"createdAt":"2025-04-29T12:42:35.256Z","updatedAt":"2025-04-29T12:42:35.256Z","version":1,"yourID":"9699c922-30d8-4813-b0d0-53bf92381efd"}],"timestamp":"2025-05-01T08:48:16.492Z"}
{"data":{"headers":{"auth-token":"eyJhbGciOiJIUzI1NiIsInR5cCI6IkpXVCJ9.eyJfaWQiOiI2ODEyMjg0ZDQxMTdkYjliOWRmZmE5NWEiLCJpYXQiOjE3NDYwMjA0Mjl9.3qXLhXGeukUhmMz3PmKLTttQXP-r4W_I9pJJaO8znCU"}},"level":"info","message":"Data received","timestamp":"2025-05-01T08:48:21.409Z"}
{"data":{"feedback":"","q1":"95","q10":"","q2":"option3","q3":"option5","q4":"option3","q5":"","q6":"26","q7":"option2","q8":"option7","q9":""},"level":"info","message":"Data received","timestamp":"2025-05-01T08:48:51.563Z"}
{"data":{"headers":{"auth-token":"eyJhbGciOiJIUzI1NiIsInR5cCI6IkpXVCJ9.eyJfaWQiOiI2ODEyMjg0ZDQxMTdkYjliOWRmZmE5NWEiLCJpYXQiOjE3NDYwMjA0Mjl9.3qXLhXGeukUhmMz3PmKLTttQXP-r4W_I9pJJaO8znCU"}},"level":"info","message":"Data received","timestamp":"2025-05-01T08:48:52.047Z"}
{"data":{"password":"","pool":"1","profilePicture":"Schwarzer Igel.webp","username":"Crni Jež","username_second":"Grauer Biker"},"level":"info","message":"Data received","timestamp":"2025-05-01T08:48:56.267Z"}
{"data":{"headers":{"auth-token":"eyJhbGciOiJIUzI1NiIsInR5cCI6IkpXVCJ9.eyJfaWQiOiI2ODEzMzU3ODg5MjE3MDExM2JiOGIxN2MiLCJpYXQiOjE3NDYwODkzMzZ9.IQw2pOI_dfBQRHloVpliExmxOFrMafPncxPCGYJPamw"},"userId":"68133578892170113bb8b17c","version":"1"},"level":"info","message":"Data received","timestamp":"2025-05-01T08:48:56.878Z"}
{"data":{},"level":"info","message":"Data received","timestamp":"2025-05-01T08:48:58.463Z"}
{"data":{},"level":"info","message":"Data received","timestamp":"2025-05-01T08:48:58.528Z"}
{"data":{},"level":"info","message":"Data received","timestamp":"2025-05-01T08:48:58.910Z"}
{"data":{},"level":"info","message":"Data received","timestamp":"2025-05-01T08:48:58.912Z"}
{"data":{},"level":"info","message":"Data received","timestamp":"2025-05-01T08:48:58.914Z"}
{"data":{},"level":"info","message":"Data received","timestamp":"2025-05-01T08:48:58.937Z"}
{"data":{},"level":"info","message":"Data received","timestamp":"2025-05-01T08:48:58.978Z"}
{"data":{},"level":"info","message":"Data received","timestamp":"2025-05-01T08:48:58.979Z"}
{"data":{},"level":"info","message":"Data received","timestamp":"2025-05-01T08:48:59.071Z"}
{"data":{},"level":"info","message":"Data received","timestamp":"2025-05-01T08:48:59.072Z"}
{"data":{},"level":"info","message":"Data received","timestamp":"2025-05-01T08:48:59.073Z"}
{"data":{},"level":"info","message":"Data received","timestamp":"2025-05-01T08:48:59.092Z"}
{"data":{},"level":"info","message":"Data received","timestamp":"2025-05-01T08:48:59.127Z"}
{"data":{},"level":"info","message":"Data received","timestamp":"2025-05-01T08:48:59.225Z"}
{"level":"info","message":"randomDoc","timestamp":"2025-05-01T08:51:48.941Z"}
{"level":"info","message":[{"__v":0,"_id":"6810c93b8e22d4f5e5370618","available":true,"createdAt":"2025-04-29T12:42:35.258Z","updatedAt":"2025-04-29T12:42:35.258Z","version":2,"yourID":"c77e7c8e-68fa-455e-94d3-72bed9ef4ea7"}],"timestamp":"2025-05-01T08:51:48.942Z"}
{"data":{"headers":{"auth-token":"eyJhbGciOiJIUzI1NiIsInR5cCI6IkpXVCJ9.eyJfaWQiOiI2ODEzMzU3ODg5MjE3MDExM2JiOGIxN2MiLCJpYXQiOjE3NDYwODkzMzZ9.IQw2pOI_dfBQRHloVpliExmxOFrMafPncxPCGYJPamw"}},"level":"info","message":"Data received","timestamp":"2025-05-01T08:51:50.507Z"}
{"data":{"feedback":"","q1":"62","q10":"","q2":"option2","q3":"option3","q4":"option1","q5":"","q6":"26","q7":"option1","q8":"option2","q9":""},"level":"info","message":"Data received","timestamp":"2025-05-01T08:52:08.914Z"}
{"data":{"headers":{"auth-token":"eyJhbGciOiJIUzI1NiIsInR5cCI6IkpXVCJ9.eyJfaWQiOiI2ODEzMzU3ODg5MjE3MDExM2JiOGIxN2MiLCJpYXQiOjE3NDYwODkzMzZ9.IQw2pOI_dfBQRHloVpliExmxOFrMafPncxPCGYJPamw"}},"level":"info","message":"Data received","timestamp":"2025-05-01T08:52:09.362Z"}
{"data":{"password":"","pool":"2","profilePicture":"Schwarzer Igel.webp","username":"Crni Jež","username_second":"Graue Wissenschaftlerin"},"level":"info","message":"Data received","timestamp":"2025-05-01T08:52:13.187Z"}
{"data":{"headers":{"auth-token":"eyJhbGciOiJIUzI1NiIsInR5cCI6IkpXVCJ9.eyJfaWQiOiI2ODEzMzYzZDc3OTZiYTQ4NWQzZmMyM2YiLCJpYXQiOjE3NDYwODk1MzN9.G_02QEcTi-KEVp7pipNGgLChVVq8bBD__wDsz7c7D6A"},"userId":"6813363d7796ba485d3fc23f","version":"2"},"level":"info","message":"Data received","timestamp":"2025-05-01T08:52:13.787Z"}
{"data":{},"level":"info","message":"Data received","timestamp":"2025-05-01T08:52:15.371Z"}
{"data":{},"level":"info","message":"Data received","timestamp":"2025-05-01T08:52:15.438Z"}
{"data":{},"level":"info","message":"Data received","timestamp":"2025-05-01T08:52:15.861Z"}
{"data":{},"level":"info","message":"Data received","timestamp":"2025-05-01T08:52:15.865Z"}
{"data":{},"level":"info","message":"Data received","timestamp":"2025-05-01T08:52:15.866Z"}
{"data":{},"level":"info","message":"Data received","timestamp":"2025-05-01T08:52:15.891Z"}
{"data":{},"level":"info","message":"Data received","timestamp":"2025-05-01T08:52:15.892Z"}
{"data":{},"level":"info","message":"Data received","timestamp":"2025-05-01T08:52:15.894Z"}
{"data":{},"level":"info","message":"Data received","timestamp":"2025-05-01T08:52:16.026Z"}
{"data":{},"level":"info","message":"Data received","timestamp":"2025-05-01T08:52:16.027Z"}
{"data":{},"level":"info","message":"Data received","timestamp":"2025-05-01T08:52:16.028Z"}
{"data":{},"level":"info","message":"Data received","timestamp":"2025-05-01T08:52:16.032Z"}
{"data":{},"level":"info","message":"Data received","timestamp":"2025-05-01T08:52:16.050Z"}
{"data":{},"level":"info","message":"Data received","timestamp":"2025-05-01T08:52:16.173Z"}
{"level":"info","message":"randomDoc","timestamp":"2025-05-01T08:56:44.800Z"}
{"level":"info","message":[{"__v":0,"_id":"6810c93b8e22d4f5e537098c","available":true,"createdAt":"2025-04-29T12:42:35.261Z","updatedAt":"2025-04-29T12:42:35.261Z","version":3,"yourID":"d20bac0f-041f-4c82-bd23-3ef1af55e9e8"}],"timestamp":"2025-05-01T08:56:44.801Z"}
{"data":{"headers":{"auth-token":"eyJhbGciOiJIUzI1NiIsInR5cCI6IkpXVCJ9.eyJfaWQiOiI2ODEzMzYzZDc3OTZiYTQ4NWQzZmMyM2YiLCJpYXQiOjE3NDYwODk1MzN9.G_02QEcTi-KEVp7pipNGgLChVVq8bBD__wDsz7c7D6A"}},"level":"info","message":"Data received","timestamp":"2025-05-01T08:56:46.637Z"}
{"data":{"feedback":"","q1":"62","q10":"","q2":"option3","q3":"option2","q4":"option1","q5":"","q6":"26","q7":"option3","q8":"option3","q9":""},"level":"info","message":"Data received","timestamp":"2025-05-01T08:57:07.016Z"}
{"data":{"headers":{"auth-token":"eyJhbGciOiJIUzI1NiIsInR5cCI6IkpXVCJ9.eyJfaWQiOiI2ODEzMzYzZDc3OTZiYTQ4NWQzZmMyM2YiLCJpYXQiOjE3NDYwODk1MzN9.G_02QEcTi-KEVp7pipNGgLChVVq8bBD__wDsz7c7D6A"}},"level":"info","message":"Data received","timestamp":"2025-05-01T08:57:07.467Z"}
{"data":{"password":"","pool":"3","profilePicture":"Rosa Biene.webp","username":"Roze Pčela","username_second":"Brauner Koch"},"level":"info","message":"Data received","timestamp":"2025-05-01T08:57:11.635Z"}
{"data":{"headers":{"auth-token":"eyJhbGciOiJIUzI1NiIsInR5cCI6IkpXVCJ9.eyJfaWQiOiI2ODEzMzc2NzAxZmE5YzA1NDRjNzdhYjUiLCJpYXQiOjE3NDYwODk4MzF9.Ai7TAElqU7vnhnB41WZGF-7y5hh1RvacDTj4UyaRDEU"},"userId":"6813376701fa9c0544c77ab5","version":"3"},"level":"info","message":"Data received","timestamp":"2025-05-01T08:57:12.228Z"}
{"data":{},"level":"info","message":"Data received","timestamp":"2025-05-01T08:57:13.764Z"}
{"data":{},"level":"info","message":"Data received","timestamp":"2025-05-01T08:57:13.841Z"}
{"data":{},"level":"info","message":"Data received","timestamp":"2025-05-01T08:57:14.206Z"}
{"data":{},"level":"info","message":"Data received","timestamp":"2025-05-01T08:57:14.210Z"}
{"data":{},"level":"info","message":"Data received","timestamp":"2025-05-01T08:57:14.237Z"}
{"data":{},"level":"info","message":"Data received","timestamp":"2025-05-01T08:57:14.242Z"}
{"data":{},"level":"info","message":"Data received","timestamp":"2025-05-01T08:57:14.244Z"}
{"data":{},"level":"info","message":"Data received","timestamp":"2025-05-01T08:57:14.245Z"}
{"data":{},"level":"info","message":"Data received","timestamp":"2025-05-01T08:57:14.352Z"}
{"data":{},"level":"info","message":"Data received","timestamp":"2025-05-01T08:57:14.357Z"}
{"data":{},"level":"info","message":"Data received","timestamp":"2025-05-01T08:57:14.392Z"}
{"data":{},"level":"info","message":"Data received","timestamp":"2025-05-01T08:57:14.397Z"}
{"data":{},"level":"info","message":"Data received","timestamp":"2025-05-01T08:57:14.402Z"}
{"data":{},"level":"info","message":"Data received","timestamp":"2025-05-01T08:57:14.505Z"}
{"level":"info","message":"randomDoc","timestamp":"2025-05-01T08:58:00.410Z"}
{"level":"info","message":[{"__v":0,"_id":"6810c93b8e22d4f5e53707b9","available":true,"createdAt":"2025-04-29T12:42:35.260Z","updatedAt":"2025-04-29T12:42:35.260Z","version":3,"yourID":"f570dd63-9c63-4570-988c-b8c8b4900cde"}],"timestamp":"2025-05-01T08:58:00.411Z"}
{"data":{"headers":{"auth-token":"eyJhbGciOiJIUzI1NiIsInR5cCI6IkpXVCJ9.eyJfaWQiOiI2ODEzMzc2NzAxZmE5YzA1NDRjNzdhYjUiLCJpYXQiOjE3NDYwODk4MzF9.Ai7TAElqU7vnhnB41WZGF-7y5hh1RvacDTj4UyaRDEU"}},"level":"info","message":"Data received","timestamp":"2025-05-01T08:58:14.060Z"}
{"data":{"feedback":"","q1":"62","q10":"","q2":"option2","q3":"option3","q4":"option1","q5":"","q6":"63","q7":"option1","q8":"option1","q9":""},"level":"info","message":"Data received","timestamp":"2025-05-01T08:58:34.038Z"}
{"data":{"headers":{"auth-token":"eyJhbGciOiJIUzI1NiIsInR5cCI6IkpXVCJ9.eyJfaWQiOiI2ODEzMzc2NzAxZmE5YzA1NDRjNzdhYjUiLCJpYXQiOjE3NDYwODk4MzF9.Ai7TAElqU7vnhnB41WZGF-7y5hh1RvacDTj4UyaRDEU"}},"level":"info","message":"Data received","timestamp":"2025-05-01T08:58:34.507Z"}
{"data":{"password":"","pool":"3","profilePicture":"Schwarzer Igel.webp","username":"Crni Jež","username_second":"Grauer Vogel"},"level":"info","message":"Data received","timestamp":"2025-05-01T08:58:37.637Z"}
{"data":{"headers":{"auth-token":"eyJhbGciOiJIUzI1NiIsInR5cCI6IkpXVCJ9.eyJfaWQiOiI2ODEzMzdiZDU0MDIyZDRhMzNjNmZkYTUiLCJpYXQiOjE3NDYwODk5MTd9.P6H-1dLFtTSClsbfS2XBcP48IeTgdeE-Jyn4weQ4NMg"},"userId":"681337bd54022d4a33c6fda5","version":"3"},"level":"info","message":"Data received","timestamp":"2025-05-01T08:58:38.228Z"}
{"data":{},"level":"info","message":"Data received","timestamp":"2025-05-01T08:58:39.798Z"}
{"data":{},"level":"info","message":"Data received","timestamp":"2025-05-01T08:58:39.801Z"}
{"data":{},"level":"info","message":"Data received","timestamp":"2025-05-01T08:58:40.241Z"}
{"data":{},"level":"info","message":"Data received","timestamp":"2025-05-01T08:58:40.243Z"}
{"data":{},"level":"info","message":"Data received","timestamp":"2025-05-01T08:58:40.270Z"}
{"data":{},"level":"info","message":"Data received","timestamp":"2025-05-01T08:58:40.272Z"}
{"data":{},"level":"info","message":"Data received","timestamp":"2025-05-01T08:58:40.318Z"}
{"data":{},"level":"info","message":"Data received","timestamp":"2025-05-01T08:58:40.322Z"}
{"data":{},"level":"info","message":"Data received","timestamp":"2025-05-01T08:58:40.400Z"}
{"data":{},"level":"info","message":"Data received","timestamp":"2025-05-01T08:58:40.402Z"}
{"data":{},"level":"info","message":"Data received","timestamp":"2025-05-01T08:58:40.433Z"}
{"data":{},"level":"info","message":"Data received","timestamp":"2025-05-01T08:58:40.435Z"}
{"data":{},"level":"info","message":"Data received","timestamp":"2025-05-01T08:58:40.476Z"}
{"data":{},"level":"info","message":"Data received","timestamp":"2025-05-01T08:58:40.557Z"}
{"level":"info","message":"randomDoc","timestamp":"2025-05-01T09:09:56.592Z"}
{"level":"info","message":[{"__v":0,"_id":"6810c93b8e22d4f5e5370898","available":true,"createdAt":"2025-04-29T12:42:35.260Z","updatedAt":"2025-04-29T12:42:35.260Z","version":3,"yourID":"f6578a4c-6495-482a-b97f-795e471d9e53"}],"timestamp":"2025-05-01T09:09:56.594Z"}
{"data":{"headers":{"auth-token":"eyJhbGciOiJIUzI1NiIsInR5cCI6IkpXVCJ9.eyJfaWQiOiI2ODEzMzdiZDU0MDIyZDRhMzNjNmZkYTUiLCJpYXQiOjE3NDYwODk5MTd9.P6H-1dLFtTSClsbfS2XBcP48IeTgdeE-Jyn4weQ4NMg"}},"level":"info","message":"Data received","timestamp":"2025-05-01T09:09:58.909Z"}
{"data":{"feedback":"","q1":"62","q10":"","q2":"option1","q3":"option1","q4":"option1","q5":"","q6":"62","q7":"option1","q8":"option1","q9":""},"level":"info","message":"Data received","timestamp":"2025-05-01T09:10:19.545Z"}
{"data":{"headers":{"auth-token":"eyJhbGciOiJIUzI1NiIsInR5cCI6IkpXVCJ9.eyJfaWQiOiI2ODEzMzdiZDU0MDIyZDRhMzNjNmZkYTUiLCJpYXQiOjE3NDYwODk5MTd9.P6H-1dLFtTSClsbfS2XBcP48IeTgdeE-Jyn4weQ4NMg"}},"level":"info","message":"Data received","timestamp":"2025-05-01T09:10:19.992Z"}
{"data":{"password":"","pool":"3","profilePicture":"Schwarzer Igel.webp","username":"Crni Jež","username_second":"Rosabraunes Lamm"},"level":"info","message":"Data received","timestamp":"2025-05-01T09:10:23.304Z"}
{"data":{"headers":{"auth-token":"eyJhbGciOiJIUzI1NiIsInR5cCI6IkpXVCJ9.eyJfaWQiOiI2ODEzM2E3ZmQ4MmRhYTg3YmY4ZmU5ZmYiLCJpYXQiOjE3NDYwOTA2MjN9.sv6IedSxMlQ8i6zNoh6xLWLRZLPSUzUyzJj8zko318w"},"userId":"68133a7fd82daa87bf8fe9ff","version":"3"},"level":"info","message":"Data received","timestamp":"2025-05-01T09:10:23.902Z"}
{"data":{},"level":"info","message":"Data received","timestamp":"2025-05-01T09:10:25.474Z"}
{"data":{},"level":"info","message":"Data received","timestamp":"2025-05-01T09:10:25.476Z"}
{"data":{},"level":"info","message":"Data received","timestamp":"2025-05-01T09:10:25.974Z"}
{"data":{},"level":"info","message":"Data received","timestamp":"2025-05-01T09:10:25.975Z"}
{"data":{},"level":"info","message":"Data received","timestamp":"2025-05-01T09:10:26.008Z"}
{"data":{},"level":"info","message":"Data received","timestamp":"2025-05-01T09:10:26.013Z"}
{"data":{},"level":"info","message":"Data received","timestamp":"2025-05-01T09:10:26.015Z"}
{"data":{},"level":"info","message":"Data received","timestamp":"2025-05-01T09:10:26.016Z"}
{"data":{},"level":"info","message":"Data received","timestamp":"2025-05-01T09:10:26.132Z"}
{"data":{},"level":"info","message":"Data received","timestamp":"2025-05-01T09:10:26.137Z"}
{"data":{},"level":"info","message":"Data received","timestamp":"2025-05-01T09:10:26.162Z"}
{"data":{},"level":"info","message":"Data received","timestamp":"2025-05-01T09:10:26.164Z"}
{"data":{},"level":"info","message":"Data received","timestamp":"2025-05-01T09:10:26.167Z"}
{"data":{},"level":"info","message":"Data received","timestamp":"2025-05-01T09:10:26.277Z"}
{"data":{},"level":"info","message":"Data received news","timestamp":"2025-05-01T09:10:36.893Z"}
{"data":{"headers":{"auth-token":"eyJhbGciOiJIUzI1NiIsInR5cCI6IkpXVCJ9.eyJfaWQiOiI2ODEzM2E3ZmQ4MmRhYTg3YmY4ZmU5ZmYiLCJpYXQiOjE3NDYwOTA2MjN9.sv6IedSxMlQ8i6zNoh6xLWLRZLPSUzUyzJj8zko318w"},"userId":"68133a7fd82daa87bf8fe9ff"},"level":"info","message":"Data received","timestamp":"2025-05-01T09:10:40.913Z"}
{"data":{},"level":"info","message":"Data received","timestamp":"2025-05-01T09:10:44.118Z"}
{"data":{},"level":"info","message":"Data received","timestamp":"2025-05-01T09:10:50.838Z"}
{"level":"info","message":"randomDoc","timestamp":"2025-05-01T09:14:33.271Z"}
{"level":"info","message":[{"__v":0,"_id":"6810c93b8e22d4f5e537034c","available":true,"createdAt":"2025-04-29T12:42:35.255Z","updatedAt":"2025-04-29T12:42:35.255Z","version":1,"yourID":"1891b564-60d9-4774-99db-98ee4a95a28b"}],"timestamp":"2025-05-01T09:14:33.272Z"}
{"data":{"headers":{"auth-token":"eyJhbGciOiJIUzI1NiIsInR5cCI6IkpXVCJ9.eyJfaWQiOiI2ODEzM2E3ZmQ4MmRhYTg3YmY4ZmU5ZmYiLCJpYXQiOjE3NDYwOTA2MjN9.sv6IedSxMlQ8i6zNoh6xLWLRZLPSUzUyzJj8zko318w"}},"level":"info","message":"Data received","timestamp":"2025-05-01T09:14:38.467Z"}
{"data":{"feedback":"","q1":"62","q10":"","q2":"option2","q3":"option2","q4":"option2","q5":"","q6":"62","q7":"option1","q8":"option7","q9":""},"level":"info","message":"Data received","timestamp":"2025-05-01T09:14:57.571Z"}
{"data":{"headers":{"auth-token":"eyJhbGciOiJIUzI1NiIsInR5cCI6IkpXVCJ9.eyJfaWQiOiI2ODEzM2E3ZmQ4MmRhYTg3YmY4ZmU5ZmYiLCJpYXQiOjE3NDYwOTA2MjN9.sv6IedSxMlQ8i6zNoh6xLWLRZLPSUzUyzJj8zko318w"}},"level":"info","message":"Data received","timestamp":"2025-05-01T09:14:58.037Z"}
{"data":{"password":"","pool":"1","profilePicture":"Rosa Biene.webp","username":"Roze Pčela","username_second":"Rosabrauner Vogel"},"level":"info","message":"Data received","timestamp":"2025-05-01T09:15:01.392Z"}
{"data":{"headers":{"auth-token":"eyJhbGciOiJIUzI1NiIsInR5cCI6IkpXVCJ9.eyJfaWQiOiI2ODEzM2I5NTlmNGZkNWI0MGU3MTIyMjkiLCJpYXQiOjE3NDYwOTA5MDF9.48r6PYryuq3GxNXaGZi3NZc_8V9fj-G-Bt5M8DL-zx4"},"userId":"68133b959f4fd5b40e712229","version":"1"},"level":"info","message":"Data received","timestamp":"2025-05-01T09:15:02.042Z"}
{"data":{},"level":"info","message":"Data received","timestamp":"2025-05-01T09:15:03.689Z"}
{"data":{},"level":"info","message":"Data received","timestamp":"2025-05-01T09:15:03.692Z"}
{"data":{},"level":"info","message":"Data received","timestamp":"2025-05-01T09:15:04.152Z"}
{"data":{},"level":"info","message":"Data received","timestamp":"2025-05-01T09:15:04.171Z"}
{"data":{},"level":"info","message":"Data received","timestamp":"2025-05-01T09:15:04.187Z"}
{"data":{},"level":"info","message":"Data received","timestamp":"2025-05-01T09:15:04.192Z"}
{"data":{},"level":"info","message":"Data received","timestamp":"2025-05-01T09:15:04.205Z"}
{"data":{},"level":"info","message":"Data received","timestamp":"2025-05-01T09:15:04.207Z"}
{"data":{},"level":"info","message":"Data received","timestamp":"2025-05-01T09:15:04.307Z"}
{"data":{},"level":"info","message":"Data received","timestamp":"2025-05-01T09:15:04.323Z"}
{"data":{},"level":"info","message":"Data received","timestamp":"2025-05-01T09:15:04.350Z"}
{"data":{},"level":"info","message":"Data received","timestamp":"2025-05-01T09:15:04.351Z"}
{"data":{},"level":"info","message":"Data received","timestamp":"2025-05-01T09:15:04.354Z"}
{"data":{},"level":"info","message":"Data received","timestamp":"2025-05-01T09:15:04.457Z"}
{"data":{},"level":"info","message":"Data received news","timestamp":"2025-05-01T09:15:09.467Z"}
{"data":{"headers":{"auth-token":"eyJhbGciOiJIUzI1NiIsInR5cCI6IkpXVCJ9.eyJfaWQiOiI2ODEzM2I5NTlmNGZkNWI0MGU3MTIyMjkiLCJpYXQiOjE3NDYwOTA5MDF9.48r6PYryuq3GxNXaGZi3NZc_8V9fj-G-Bt5M8DL-zx4"},"userId":"68133b959f4fd5b40e712229"},"level":"info","message":"Data received","timestamp":"2025-05-01T09:15:16.398Z"}
{"data":{},"level":"info","message":"Data received","timestamp":"2025-05-01T09:15:17.793Z"}
{"data":{},"level":"info","message":"Data received","timestamp":"2025-05-01T09:15:20.872Z"}
{"data":{},"level":"info","message":"Data received","timestamp":"2025-05-01T09:15:21.328Z"}
{"data":{},"level":"info","message":"Data received","timestamp":"2025-05-01T09:15:21.330Z"}
{"data":{},"level":"info","message":"Data received","timestamp":"2025-05-01T09:15:21.398Z"}
{"data":{},"level":"info","message":"Data received","timestamp":"2025-05-01T09:15:21.399Z"}
{"data":{},"level":"info","message":"Data received","timestamp":"2025-05-01T09:15:21.401Z"}
{"data":{},"level":"info","message":"Data received","timestamp":"2025-05-01T09:15:21.402Z"}
{"data":{},"level":"info","message":"Data received","timestamp":"2025-05-01T09:15:21.490Z"}
{"data":{},"level":"info","message":"Data received","timestamp":"2025-05-01T09:15:21.492Z"}
{"data":{},"level":"info","message":"Data received","timestamp":"2025-05-01T09:15:21.542Z"}
{"data":{},"level":"info","message":"Data received","timestamp":"2025-05-01T09:15:21.544Z"}
{"data":{},"level":"info","message":"Data received","timestamp":"2025-05-01T09:15:21.547Z"}
{"data":{},"level":"info","message":"Data received","timestamp":"2025-05-01T09:15:21.557Z"}
{"level":"info","message":"randomDoc","timestamp":"2025-05-01T09:22:37.010Z"}
{"level":"info","message":[{"__v":0,"_id":"6810c93b8e22d4f5e53704ae","available":true,"createdAt":"2025-04-29T12:42:35.257Z","updatedAt":"2025-04-29T12:42:35.257Z","version":2,"yourID":"e216d1ac-5d3e-4785-b9b9-6da5e440bae6"}],"timestamp":"2025-05-01T09:22:37.011Z"}
{"data":{"headers":{"auth-token":"eyJhbGciOiJIUzI1NiIsInR5cCI6IkpXVCJ9.eyJfaWQiOiI2ODEzM2I5NTlmNGZkNWI0MGU3MTIyMjkiLCJpYXQiOjE3NDYwOTA5MDF9.48r6PYryuq3GxNXaGZi3NZc_8V9fj-G-Bt5M8DL-zx4"}},"level":"info","message":"Data received","timestamp":"2025-05-01T09:22:39.299Z"}
{"data":{"feedback":"","q1":"65","q10":"","q2":"option2","q3":"option1","q4":"option1","q5":"","q6":"84","q7":"option2","q8":"option2","q9":""},"level":"info","message":"Data received","timestamp":"2025-05-01T09:22:57.777Z"}
{"data":{"headers":{"auth-token":"eyJhbGciOiJIUzI1NiIsInR5cCI6IkpXVCJ9.eyJfaWQiOiI2ODEzM2I5NTlmNGZkNWI0MGU3MTIyMjkiLCJpYXQiOjE3NDYwOTA5MDF9.48r6PYryuq3GxNXaGZi3NZc_8V9fj-G-Bt5M8DL-zx4"}},"level":"info","message":"Data received","timestamp":"2025-05-01T09:22:58.242Z"}
{"data":{"password":"","pool":"2","profilePicture":"Blaues Huhn.webp","username":"Plavo Pile","username_second":"Blauer Wissenschaftler"},"level":"info","message":"Data received","timestamp":"2025-05-01T09:23:01.510Z"}
{"data":{"headers":{"auth-token":"eyJhbGciOiJIUzI1NiIsInR5cCI6IkpXVCJ9.eyJfaWQiOiI2ODEzM2Q3NTVjZTM3YzYyNTIyNzBlODkiLCJpYXQiOjE3NDYwOTEzODF9.Bjt2rcwCBlBvf2td2HLQfJ_L1NXdcRJXnYRGg7WzipU"},"userId":"68133d755ce37c6252270e89","version":"2"},"level":"info","message":"Data received","timestamp":"2025-05-01T09:23:02.127Z"}
{"data":{},"level":"info","message":"Data received","timestamp":"2025-05-01T09:23:03.687Z"}
{"data":{},"level":"info","message":"Data received","timestamp":"2025-05-01T09:23:03.689Z"}
{"data":{},"level":"info","message":"Data received","timestamp":"2025-05-01T09:23:04.137Z"}
{"data":{},"level":"info","message":"Data received","timestamp":"2025-05-01T09:23:04.192Z"}
{"data":{},"level":"info","message":"Data received","timestamp":"2025-05-01T09:23:04.228Z"}
{"data":{},"level":"info","message":"Data received","timestamp":"2025-05-01T09:23:04.229Z"}
{"data":{},"level":"info","message":"Data received","timestamp":"2025-05-01T09:23:04.231Z"}
{"data":{},"level":"info","message":"Data received","timestamp":"2025-05-01T09:23:04.233Z"}
{"data":{},"level":"info","message":"Data received","timestamp":"2025-05-01T09:23:04.297Z"}
{"data":{},"level":"info","message":"Data received","timestamp":"2025-05-01T09:23:04.388Z"}
{"data":{},"level":"info","message":"Data received","timestamp":"2025-05-01T09:23:04.389Z"}
{"data":{},"level":"info","message":"Data received","timestamp":"2025-05-01T09:23:04.392Z"}
{"data":{},"level":"info","message":"Data received","timestamp":"2025-05-01T09:23:04.394Z"}
{"data":{},"level":"info","message":"Data received","timestamp":"2025-05-01T09:23:04.452Z"}
{"data":{},"level":"info","message":"Data received news","timestamp":"2025-05-01T09:23:08.411Z"}
{"data":{},"level":"info","message":"Data received news","timestamp":"2025-05-01T09:23:12.322Z"}
{"data":{},"level":"info","message":"Data received news","timestamp":"2025-05-01T09:23:17.307Z"}
{"level":"info","message":"randomDoc","timestamp":"2025-05-01T09:30:04.074Z"}
{"level":"info","message":[{"__v":0,"_id":"6810c93b8e22d4f5e53707f6","available":true,"createdAt":"2025-04-29T12:42:35.260Z","updatedAt":"2025-04-29T12:42:35.260Z","version":3,"yourID":"98ea5080-5a19-4450-82e2-ae8801293eb4"}],"timestamp":"2025-05-01T09:30:04.075Z"}
