{"data":{},"level":"info","message":"Data received","timestamp":"2025-05-16T06:36:39.368Z"}
{"data":{},"level":"info","message":"Data received","timestamp":"2025-05-16T06:36:39.457Z"}
{"data":{},"level":"info","message":"Data received","timestamp":"2025-05-16T06:36:39.888Z"}
{"data":{},"level":"info","message":"Data received","timestamp":"2025-05-16T06:36:39.910Z"}
{"data":{},"level":"info","message":"Data received","timestamp":"2025-05-16T06:36:39.946Z"}
{"data":{},"level":"info","message":"Data received","timestamp":"2025-05-16T06:36:39.948Z"}
{"data":{},"level":"info","message":"Data received","timestamp":"2025-05-16T06:36:39.987Z"}
{"data":{},"level":"info","message":"Data received","timestamp":"2025-05-16T06:36:39.997Z"}
{"data":{},"level":"info","message":"Data received","timestamp":"2025-05-16T06:36:40.047Z"}
{"data":{},"level":"info","message":"Data received","timestamp":"2025-05-16T06:36:40.078Z"}
{"data":{},"level":"info","message":"Data received","timestamp":"2025-05-16T06:36:40.110Z"}
{"data":{},"level":"info","message":"Data received","timestamp":"2025-05-16T06:36:40.112Z"}
{"data":{},"level":"info","message":"Data received","timestamp":"2025-05-16T06:36:40.149Z"}
{"data":{},"level":"info","message":"Data received","timestamp":"2025-05-16T06:36:40.208Z"}
{"data":{},"level":"info","message":"Data received","timestamp":"2025-05-16T06:36:43.856Z"}
{"error":"Cannot read properties of undefined (reading 'map')","level":"error","message":"Error saving data 11","timestamp":"2025-05-16T06:36:44.977Z"}
{"data":{},"level":"info","message":"Data received","timestamp":"2025-05-16T06:37:04.241Z"}
{"data":{},"level":"info","message":"Data received","timestamp":"2025-05-16T06:37:04.276Z"}
{"data":{},"level":"info","message":"Data received","timestamp":"2025-05-16T06:37:04.764Z"}
{"data":{},"level":"info","message":"Data received","timestamp":"2025-05-16T06:37:04.782Z"}
{"data":{},"level":"info","message":"Data received","timestamp":"2025-05-16T06:37:04.783Z"}
{"data":{},"level":"info","message":"Data received","timestamp":"2025-05-16T06:37:04.858Z"}
{"data":{},"level":"info","message":"Data received","timestamp":"2025-05-16T06:37:04.867Z"}
{"data":{},"level":"info","message":"Data received","timestamp":"2025-05-16T06:37:04.869Z"}
{"data":{},"level":"info","message":"Data received","timestamp":"2025-05-16T06:37:04.952Z"}
{"data":{},"level":"info","message":"Data received","timestamp":"2025-05-16T06:37:04.964Z"}
{"data":{},"level":"info","message":"Data received","timestamp":"2025-05-16T06:37:04.966Z"}
{"data":{},"level":"info","message":"Data received","timestamp":"2025-05-16T06:37:05.014Z"}
{"data":{},"level":"info","message":"Data received","timestamp":"2025-05-16T06:37:05.031Z"}
{"data":{},"level":"info","message":"Data received","timestamp":"2025-05-16T06:37:05.170Z"}
{"data":{},"level":"info","message":"Data received","timestamp":"2025-05-16T06:37:13.786Z"}
{"error":"Cannot read properties of undefined (reading 'map')","level":"error","message":"Error saving data 11","timestamp":"2025-05-16T06:37:15.565Z"}
{"data":{},"level":"info","message":"Data received","timestamp":"2025-05-16T06:38:32.657Z"}
{"error":"Cannot read properties of undefined (reading 'map')","level":"error","message":"Error saving data 11","timestamp":"2025-05-16T06:38:33.914Z"}
{"data":{},"level":"info","message":"Data received","timestamp":"2025-05-16T06:39:19.437Z"}
{"error":"Cannot read properties of undefined (reading 'map')","level":"error","message":"Error saving data 11","timestamp":"2025-05-16T06:39:22.315Z"}
{"data":{},"level":"info","message":"Data received","timestamp":"2025-05-16T06:45:47.233Z"}
{"data":{},"level":"info","message":"Data received","timestamp":"2025-05-16T06:45:47.242Z"}
{"data":{},"level":"info","message":"Data received","timestamp":"2025-05-16T06:45:47.707Z"}
{"data":{},"level":"info","message":"Data received","timestamp":"2025-05-16T06:45:47.758Z"}
{"data":{},"level":"info","message":"Data received","timestamp":"2025-05-16T06:45:47.766Z"}
{"data":{},"level":"info","message":"Data received","timestamp":"2025-05-16T06:45:47.792Z"}
{"data":{},"level":"info","message":"Data received","timestamp":"2025-05-16T06:45:47.797Z"}
{"data":{},"level":"info","message":"Data received","timestamp":"2025-05-16T06:45:47.816Z"}
{"data":{},"level":"info","message":"Data received","timestamp":"2025-05-16T06:45:47.867Z"}
{"data":{},"level":"info","message":"Data received","timestamp":"2025-05-16T06:45:47.921Z"}
{"data":{},"level":"info","message":"Data received","timestamp":"2025-05-16T06:45:47.933Z"}
{"data":{},"level":"info","message":"Data received","timestamp":"2025-05-16T06:45:47.951Z"}
{"data":{},"level":"info","message":"Data received","timestamp":"2025-05-16T06:45:47.953Z"}
{"data":{},"level":"info","message":"Data received","timestamp":"2025-05-16T06:45:48.038Z"}
{"data":{},"level":"info","message":"Data received","timestamp":"2025-05-16T06:46:04.871Z"}
{"data":{},"level":"info","message":"Data received","timestamp":"2025-05-16T06:46:04.874Z"}
{"data":{},"level":"info","message":"Data received","timestamp":"2025-05-16T06:46:05.359Z"}
{"data":{},"level":"info","message":"Data received","timestamp":"2025-05-16T06:46:05.410Z"}
{"data":{},"level":"info","message":"Data received","timestamp":"2025-05-16T06:46:05.412Z"}
{"data":{},"level":"info","message":"Data received","timestamp":"2025-05-16T06:46:05.416Z"}
{"data":{},"level":"info","message":"Data received","timestamp":"2025-05-16T06:46:05.437Z"}
{"data":{},"level":"info","message":"Data received","timestamp":"2025-05-16T06:46:05.448Z"}
{"data":{},"level":"info","message":"Data received","timestamp":"2025-05-16T06:46:05.537Z"}
{"data":{},"level":"info","message":"Data received","timestamp":"2025-05-16T06:46:05.580Z"}
{"data":{},"level":"info","message":"Data received","timestamp":"2025-05-16T06:46:05.583Z"}
{"data":{},"level":"info","message":"Data received","timestamp":"2025-05-16T06:46:05.585Z"}
{"data":{},"level":"info","message":"Data received","timestamp":"2025-05-16T06:46:05.601Z"}
{"data":{},"level":"info","message":"Data received","timestamp":"2025-05-16T06:46:05.616Z"}
{"data":{},"level":"info","message":"Data received","timestamp":"2025-05-16T06:46:09.556Z"}
{"error":"Cannot read properties of undefined (reading 'map')","level":"error","message":"Error saving data 11","timestamp":"2025-05-16T06:46:16.712Z"}
{"data":{},"level":"info","message":"Data received","timestamp":"2025-05-16T06:47:32.327Z"}
{"error":"Cannot read properties of undefined (reading 'map')","level":"error","message":"Error saving data 11","timestamp":"2025-05-16T06:47:41.512Z"}
{"data":{},"level":"info","message":"Data received","timestamp":"2025-05-16T06:55:48.186Z"}
{"data":{},"level":"info","message":"Data received","timestamp":"2025-05-16T06:55:48.195Z"}
{"data":{},"level":"info","message":"Data received","timestamp":"2025-05-16T06:55:48.949Z"}
{"data":{},"level":"info","message":"Data received","timestamp":"2025-05-16T06:55:48.951Z"}
{"data":{},"level":"info","message":"Data received","timestamp":"2025-05-16T06:55:48.953Z"}
{"data":{},"level":"info","message":"Data received","timestamp":"2025-05-16T06:55:49.057Z"}
{"data":{},"level":"info","message":"Data received","timestamp":"2025-05-16T06:55:49.058Z"}
{"data":{},"level":"info","message":"Data received","timestamp":"2025-05-16T06:55:49.109Z"}
{"data":{},"level":"info","message":"Data received","timestamp":"2025-05-16T06:55:49.120Z"}
{"data":{},"level":"info","message":"Data received","timestamp":"2025-05-16T06:55:49.123Z"}
{"data":{},"level":"info","message":"Data received","timestamp":"2025-05-16T06:55:49.135Z"}
{"data":{},"level":"info","message":"Data received","timestamp":"2025-05-16T06:55:49.245Z"}
{"data":{},"level":"info","message":"Data received","timestamp":"2025-05-16T06:55:49.262Z"}
{"data":{},"level":"info","message":"Data received","timestamp":"2025-05-16T06:55:49.298Z"}
{"data":{},"level":"info","message":"Data received","timestamp":"2025-05-16T06:55:50.949Z"}
{"error":"interactionScore is not defined","level":"error","message":"Error saving data 11","timestamp":"2025-05-16T06:56:04.461Z"}
{"data":{},"level":"info","message":"Data received","timestamp":"2025-05-16T06:57:39.726Z"}
{"data":{},"level":"info","message":"Data received","timestamp":"2025-05-16T06:57:39.734Z"}
{"data":{},"level":"info","message":"Data received","timestamp":"2025-05-16T06:57:40.212Z"}
{"data":{},"level":"info","message":"Data received","timestamp":"2025-05-16T06:57:40.215Z"}
{"data":{},"level":"info","message":"Data received","timestamp":"2025-05-16T06:57:40.286Z"}
{"data":{},"level":"info","message":"Data received","timestamp":"2025-05-16T06:57:40.288Z"}
{"data":{},"level":"info","message":"Data received","timestamp":"2025-05-16T06:57:40.326Z"}
{"data":{},"level":"info","message":"Data received","timestamp":"2025-05-16T06:57:40.345Z"}
{"data":{},"level":"info","message":"Data received","timestamp":"2025-05-16T06:57:40.384Z"}
{"data":{},"level":"info","message":"Data received","timestamp":"2025-05-16T06:57:40.390Z"}
{"data":{},"level":"info","message":"Data received","timestamp":"2025-05-16T06:57:40.456Z"}
{"data":{},"level":"info","message":"Data received","timestamp":"2025-05-16T06:57:40.467Z"}
{"data":{},"level":"info","message":"Data received","timestamp":"2025-05-16T06:57:40.492Z"}
{"data":{},"level":"info","message":"Data received","timestamp":"2025-05-16T06:57:40.524Z"}
{"data":{},"level":"info","message":"Data received","timestamp":"2025-05-16T06:57:43.434Z"}
{"data":{},"level":"info","message":"Data received","timestamp":"2025-05-16T06:57:52.201Z"}
{"data":{},"level":"info","message":"Data received","timestamp":"2025-05-16T06:57:52.682Z"}
{"data":{},"level":"info","message":"Data received","timestamp":"2025-05-16T06:57:52.782Z"}
{"data":{},"level":"info","message":"Data received","timestamp":"2025-05-16T06:57:52.786Z"}
{"data":{},"level":"info","message":"Data received","timestamp":"2025-05-16T06:57:52.793Z"}
{"data":{},"level":"info","message":"Data received","timestamp":"2025-05-16T06:57:52.817Z"}
{"data":{},"level":"info","message":"Data received","timestamp":"2025-05-16T06:57:52.835Z"}
{"data":{},"level":"info","message":"Data received","timestamp":"2025-05-16T06:57:52.845Z"}
{"data":{},"level":"info","message":"Data received","timestamp":"2025-05-16T06:57:52.945Z"}
{"data":{},"level":"info","message":"Data received","timestamp":"2025-05-16T06:57:52.951Z"}
{"data":{},"level":"info","message":"Data received","timestamp":"2025-05-16T06:57:52.964Z"}
{"data":{},"level":"info","message":"Data received","timestamp":"2025-05-16T06:57:52.984Z"}
{"data":{},"level":"info","message":"Data received","timestamp":"2025-05-16T06:57:53.007Z"}
{"data":{},"level":"info","message":"Data received","timestamp":"2025-05-16T07:05:11.518Z"}
{"data":{},"level":"info","message":"Data received","timestamp":"2025-05-16T07:05:11.527Z"}
{"data":{},"level":"info","message":"Data received","timestamp":"2025-05-16T07:05:11.995Z"}
{"data":{},"level":"info","message":"Data received","timestamp":"2025-05-16T07:05:12.022Z"}
{"data":{},"level":"info","message":"Data received","timestamp":"2025-05-16T07:05:12.089Z"}
{"data":{},"level":"info","message":"Data received","timestamp":"2025-05-16T07:05:12.094Z"}
{"data":{},"level":"info","message":"Data received","timestamp":"2025-05-16T07:05:12.122Z"}
{"data":{},"level":"info","message":"Data received","timestamp":"2025-05-16T07:05:12.143Z"}
{"data":{},"level":"info","message":"Data received","timestamp":"2025-05-16T07:05:12.187Z"}
{"data":{},"level":"info","message":"Data received","timestamp":"2025-05-16T07:05:12.194Z"}
{"data":{},"level":"info","message":"Data received","timestamp":"2025-05-16T07:05:12.266Z"}
{"data":{},"level":"info","message":"Data received","timestamp":"2025-05-16T07:05:12.271Z"}
{"data":{},"level":"info","message":"Data received","timestamp":"2025-05-16T07:05:12.299Z"}
{"data":{},"level":"info","message":"Data received","timestamp":"2025-05-16T07:05:12.328Z"}
{"data":{},"level":"info","message":"Data received","timestamp":"2025-05-16T07:05:18.095Z"}
{"data":{},"level":"info","message":"Data received news","timestamp":"2025-05-16T07:05:23.491Z"}
{"data":{"headers":{"auth-token":"eyJhbGciOiJIUzI1NiIsInR5cCI6IkpXVCJ9.eyJfaWQiOiI2ODI2NTMxNWFiM2Y2OTdiOGVlM2Y2MWIiLCJpYXQiOjE3NDczNDIxMDF9.kLoV4VKMTzET45SHcn4vKwdkUN-6YQPaTr-Jmr6IHo8"},"userId":"68265315ab3f697b8ee3f61b"},"level":"info","message":"Data received","timestamp":"2025-05-16T07:05:28.511Z"}
{"data":{"headers":{"auth-token":"eyJhbGciOiJIUzI1NiIsInR5cCI6IkpXVCJ9.eyJfaWQiOiI2ODI2NTMxNWFiM2Y2OTdiOGVlM2Y2MWIiLCJpYXQiOjE3NDczNDIxMDF9.kLoV4VKMTzET45SHcn4vKwdkUN-6YQPaTr-Jmr6IHo8"},"userId":"68265315ab3f697b8ee3f61b"},"level":"info","message":"Data received","timestamp":"2025-05-16T07:05:31.569Z"}
{"data":{},"level":"info","message":"Data received","timestamp":"2025-05-16T07:05:33.755Z"}
{"data":{},"level":"info","message":"Data received","timestamp":"2025-05-16T07:05:48.128Z"}
{"data":{},"level":"info","message":"Data received","timestamp":"2025-05-16T07:05:48.605Z"}
{"data":{},"level":"info","message":"Data received","timestamp":"2025-05-16T07:05:48.720Z"}
{"data":{},"level":"info","message":"Data received","timestamp":"2025-05-16T07:05:48.726Z"}
{"data":{},"level":"info","message":"Data received","timestamp":"2025-05-16T07:05:48.731Z"}
{"data":{},"level":"info","message":"Data received","timestamp":"2025-05-16T07:05:48.755Z"}
{"data":{},"level":"info","message":"Data received","timestamp":"2025-05-16T07:05:48.759Z"}
{"data":{},"level":"info","message":"Data received","timestamp":"2025-05-16T07:05:48.790Z"}
{"data":{},"level":"info","message":"Data received","timestamp":"2025-05-16T07:05:48.893Z"}
{"data":{},"level":"info","message":"Data received","timestamp":"2025-05-16T07:05:48.903Z"}
{"data":{},"level":"info","message":"Data received","timestamp":"2025-05-16T07:05:48.907Z"}
{"data":{},"level":"info","message":"Data received","timestamp":"2025-05-16T07:05:48.931Z"}
{"data":{},"level":"info","message":"Data received","timestamp":"2025-05-16T07:05:48.933Z"}
{"data":{},"level":"info","message":"Data received","timestamp":"2025-05-16T07:08:46.561Z"}
{"data":{},"level":"info","message":"Data received","timestamp":"2025-05-16T07:08:46.569Z"}
{"data":{},"level":"info","message":"Data received","timestamp":"2025-05-16T07:08:47.100Z"}
{"data":{},"level":"info","message":"Data received","timestamp":"2025-05-16T07:08:47.141Z"}
{"data":{},"level":"info","message":"Data received","timestamp":"2025-05-16T07:08:47.145Z"}
{"data":{},"level":"info","message":"Data received","timestamp":"2025-05-16T07:08:47.243Z"}
{"data":{},"level":"info","message":"Data received","timestamp":"2025-05-16T07:08:47.245Z"}
{"data":{},"level":"info","message":"Data received","timestamp":"2025-05-16T07:08:47.247Z"}
{"data":{},"level":"info","message":"Data received","timestamp":"2025-05-16T07:08:47.278Z"}
{"data":{},"level":"info","message":"Data received","timestamp":"2025-05-16T07:08:47.351Z"}
{"data":{},"level":"info","message":"Data received","timestamp":"2025-05-16T07:08:47.353Z"}
{"data":{},"level":"info","message":"Data received","timestamp":"2025-05-16T07:08:47.445Z"}
{"data":{},"level":"info","message":"Data received","timestamp":"2025-05-16T07:08:47.446Z"}
{"data":{},"level":"info","message":"Data received","timestamp":"2025-05-16T07:08:47.448Z"}
{"data":{},"level":"info","message":"Data received","timestamp":"2025-05-16T11:11:15.198Z"}
{"data":{},"level":"info","message":"Data received","timestamp":"2025-05-16T11:11:15.203Z"}
{"data":{},"level":"info","message":"Data received","timestamp":"2025-05-16T11:11:15.602Z"}
{"data":{},"level":"info","message":"Data received","timestamp":"2025-05-16T11:11:15.604Z"}
{"data":{},"level":"info","message":"Data received","timestamp":"2025-05-16T11:11:15.656Z"}
{"data":{},"level":"info","message":"Data received","timestamp":"2025-05-16T11:11:15.658Z"}
{"data":{},"level":"info","message":"Data received","timestamp":"2025-05-16T11:11:15.660Z"}
{"data":{},"level":"info","message":"Data received","timestamp":"2025-05-16T11:11:15.661Z"}
{"data":{},"level":"info","message":"Data received","timestamp":"2025-05-16T11:11:15.734Z"}
{"data":{},"level":"info","message":"Data received","timestamp":"2025-05-16T11:11:15.735Z"}
{"data":{},"level":"info","message":"Data received","timestamp":"2025-05-16T11:11:15.780Z"}
{"data":{},"level":"info","message":"Data received","timestamp":"2025-05-16T11:11:15.782Z"}
{"data":{},"level":"info","message":"Data received","timestamp":"2025-05-16T11:11:15.785Z"}
{"data":{},"level":"info","message":"Data received","timestamp":"2025-05-16T11:11:15.786Z"}
{"data":{},"level":"info","message":"Data received","timestamp":"2025-05-16T11:24:40.133Z"}
{"data":{},"level":"info","message":"Data received","timestamp":"2025-05-16T11:24:40.141Z"}
{"error":"Cannot read properties of null (reading 'id')","level":"error","message":"Error saving data 12","timestamp":"2025-05-16T11:24:40.260Z"}
{"level":"info","message":"randomDoc","timestamp":"2025-05-16T11:24:44.689Z"}
{"level":"info","message":[{"__v":0,"_id":"68271e02ffa5bd816f004eac","available":true,"createdAt":"2025-05-16T11:14:10.685Z","updatedAt":"2025-05-16T11:14:10.685Z","version":3,"yourID":"996acd1d-939a-48c8-9869-42f2254a5b23"}],"timestamp":"2025-05-16T11:24:44.689Z"}
{"data":{"headers":{"auth-token":"eyJhbGciOiJIUzI1NiIsInR5cCI6IkpXVCJ9.eyJfaWQiOiI2ODI2NTMxNWFiM2Y2OTdiOGVlM2Y2MWIiLCJpYXQiOjE3NDczNDIxMDF9.kLoV4VKMTzET45SHcn4vKwdkUN-6YQPaTr-Jmr6IHo8"}},"level":"info","message":"Data received","timestamp":"2025-05-16T11:24:47.507Z"}
{"data":{"feedback":"","q1":"62","q10":"","q2":"option1","q3":"option1","q4":"option1","q5":"","q6":"62","q7":"option1","q8":"option7","q9":""},"level":"info","message":"Data received","timestamp":"2025-05-16T11:25:04.856Z"}
{"data":{"headers":{"auth-token":"eyJhbGciOiJIUzI1NiIsInR5cCI6IkpXVCJ9.eyJfaWQiOiI2ODI2NTMxNWFiM2Y2OTdiOGVlM2Y2MWIiLCJpYXQiOjE3NDczNDIxMDF9.kLoV4VKMTzET45SHcn4vKwdkUN-6YQPaTr-Jmr6IHo8"}},"level":"info","message":"Data received","timestamp":"2025-05-16T11:25:05.312Z"}
{"data":{"headers":{"auth-token":"eyJhbGciOiJIUzI1NiIsInR5cCI6IkpXVCJ9.eyJfaWQiOiI2ODI2NTMxNWFiM2Y2OTdiOGVlM2Y2MWIiLCJpYXQiOjE3NDczNDIxMDF9.kLoV4VKMTzET45SHcn4vKwdkUN-6YQPaTr-Jmr6IHo8"}},"level":"info","message":"Data received","timestamp":"2025-05-16T11:25:19.424Z"}
{"data":{"password":"","pool":"3","profilePicture":"Grauer Orca.webp","username":"Siva Orka","username_second":"Schokoladen-Eichhörnchen"},"level":"info","message":"Data received","timestamp":"2025-05-16T11:25:23.717Z"}
{"data":{"headers":{"auth-token":"eyJhbGciOiJIUzI1NiIsInR5cCI6IkpXVCJ9.eyJfaWQiOiI2ODI3MjBhMzNmMjlkODlkMmY0NDlkYTAiLCJpYXQiOjE3NDczOTQ3MjR9.2AWPQ4G8nTUXbguVWNzXA6449bYIV0lVH3Fw2NQTKyY"},"userId":"682720a33f29d89d2f449da0","version":"3"},"level":"info","message":"Data received","timestamp":"2025-05-16T11:25:24.167Z"}
{"data":{},"level":"info","message":"Data received","timestamp":"2025-05-16T11:25:25.690Z"}
{"data":{},"level":"info","message":"Data received","timestamp":"2025-05-16T11:25:25.725Z"}
{"data":{},"level":"info","message":"Data received","timestamp":"2025-05-16T11:25:26.102Z"}
{"data":{},"level":"info","message":"Data received","timestamp":"2025-05-16T11:25:26.104Z"}
{"data":{},"level":"info","message":"Data received","timestamp":"2025-05-16T11:25:26.110Z"}
{"data":{},"level":"info","message":"Data received","timestamp":"2025-05-16T11:25:26.111Z"}
{"data":{},"level":"info","message":"Data received","timestamp":"2025-05-16T11:25:26.113Z"}
{"data":{},"level":"info","message":"Data received","timestamp":"2025-05-16T11:25:26.115Z"}
{"data":{},"level":"info","message":"Data received","timestamp":"2025-05-16T11:25:26.229Z"}
{"data":{},"level":"info","message":"Data received","timestamp":"2025-05-16T11:25:26.231Z"}
{"data":{},"level":"info","message":"Data received","timestamp":"2025-05-16T11:25:26.232Z"}
{"data":{},"level":"info","message":"Data received","timestamp":"2025-05-16T11:25:26.236Z"}
{"data":{},"level":"info","message":"Data received","timestamp":"2025-05-16T11:25:26.248Z"}
{"data":{},"level":"info","message":"Data received","timestamp":"2025-05-16T11:25:26.349Z"}
{"level":"info","message":"randomDoc","timestamp":"2025-05-16T11:30:16.628Z"}
{"level":"info","message":[{"__v":0,"_id":"68271e02ffa5bd816f004f23","available":true,"createdAt":"2025-05-16T11:14:10.685Z","updatedAt":"2025-05-16T11:14:10.685Z","version":3,"yourID":"c6a8ed25-1f5c-4412-ad50-5e499adc9bf2"}],"timestamp":"2025-05-16T11:30:16.630Z"}
{"data":{"headers":{"auth-token":"eyJhbGciOiJIUzI1NiIsInR5cCI6IkpXVCJ9.eyJfaWQiOiI2ODI3MjBhMzNmMjlkODlkMmY0NDlkYTAiLCJpYXQiOjE3NDczOTQ3MjR9.2AWPQ4G8nTUXbguVWNzXA6449bYIV0lVH3Fw2NQTKyY"}},"level":"info","message":"Data received","timestamp":"2025-05-16T11:30:17.340Z"}
{"data":{"feedback":"","q1":"62","q10":"","q2":"option1","q3":"option1","q4":"option1","q5":"","q6":"32","q7":"option1","q8":"option7","q9":""},"level":"info","message":"Data received","timestamp":"2025-05-16T11:30:33.292Z"}
{"data":{"headers":{"auth-token":"eyJhbGciOiJIUzI1NiIsInR5cCI6IkpXVCJ9.eyJfaWQiOiI2ODI3MjBhMzNmMjlkODlkMmY0NDlkYTAiLCJpYXQiOjE3NDczOTQ3MjR9.2AWPQ4G8nTUXbguVWNzXA6449bYIV0lVH3Fw2NQTKyY"}},"level":"info","message":"Data received","timestamp":"2025-05-16T11:30:33.695Z"}
{"data":{"password":"","pool":"3","profilePicture":"Schwarzer Igel.webp","username":"Crni Jež","username_second":"Orangefarbene Biene"},"level":"info","message":"Data received","timestamp":"2025-05-16T11:30:37.178Z"}
{"data":{"headers":{"auth-token":"eyJhbGciOiJIUzI1NiIsInR5cCI6IkpXVCJ9.eyJfaWQiOiI2ODI3MjFkZDJhYmM3OTQ1MjliN2UxMDAiLCJpYXQiOjE3NDczOTUwMzd9.7H1iZzyHI75AgegkmGyJD1xuh7OpaKoBsTuZTyw2KPk"},"userId":"682721dd2abc794529b7e100","version":"3"},"level":"info","message":"Data received","timestamp":"2025-05-16T11:30:37.753Z"}
{"data":{},"level":"info","message":"Data received","timestamp":"2025-05-16T11:30:39.211Z"}
{"data":{},"level":"info","message":"Data received","timestamp":"2025-05-16T11:30:39.213Z"}
{"data":{},"level":"info","message":"Data received","timestamp":"2025-05-16T11:30:39.598Z"}
{"data":{},"level":"info","message":"Data received","timestamp":"2025-05-16T11:30:39.607Z"}
{"data":{},"level":"info","message":"Data received","timestamp":"2025-05-16T11:30:39.619Z"}
{"data":{},"level":"info","message":"Data received","timestamp":"2025-05-16T11:30:39.622Z"}
{"data":{},"level":"info","message":"Data received","timestamp":"2025-05-16T11:30:39.623Z"}
{"data":{},"level":"info","message":"Data received","timestamp":"2025-05-16T11:30:39.689Z"}
{"data":{},"level":"info","message":"Data received","timestamp":"2025-05-16T11:30:39.719Z"}
{"data":{},"level":"info","message":"Data received","timestamp":"2025-05-16T11:30:39.769Z"}
{"data":{},"level":"info","message":"Data received","timestamp":"2025-05-16T11:30:39.770Z"}
{"data":{},"level":"info","message":"Data received","timestamp":"2025-05-16T11:30:39.827Z"}
{"data":{},"level":"info","message":"Data received","timestamp":"2025-05-16T11:30:39.839Z"}
{"data":{},"level":"info","message":"Data received","timestamp":"2025-05-16T11:30:39.891Z"}
{"data":{"headers":{"auth-token":"eyJhbGciOiJIUzI1NiIsInR5cCI6IkpXVCJ9.eyJfaWQiOiI2ODI3MjFkZDJhYmM3OTQ1MjliN2UxMDAiLCJpYXQiOjE3NDczOTUwMzd9.7H1iZzyHI75AgegkmGyJD1xuh7OpaKoBsTuZTyw2KPk"},"userId":"682721dd2abc794529b7e100"},"level":"info","message":"Data received","timestamp":"2025-05-16T11:31:13.687Z"}
{"data":{},"level":"info","message":"Data received news","timestamp":"2025-05-16T11:31:15.328Z"}
{"data":{"headers":{"auth-token":"eyJhbGciOiJIUzI1NiIsInR5cCI6IkpXVCJ9.eyJfaWQiOiI2ODI3MjFkZDJhYmM3OTQ1MjliN2UxMDAiLCJpYXQiOjE3NDczOTUwMzd9.7H1iZzyHI75AgegkmGyJD1xuh7OpaKoBsTuZTyw2KPk"},"userId":"682721dd2abc794529b7e100"},"level":"info","message":"Data received","timestamp":"2025-05-16T11:31:17.906Z"}
{"data":{"headers":{"auth-token":"eyJhbGciOiJIUzI1NiIsInR5cCI6IkpXVCJ9.eyJfaWQiOiI2ODI3MjFkZDJhYmM3OTQ1MjliN2UxMDAiLCJpYXQiOjE3NDczOTUwMzd9.7H1iZzyHI75AgegkmGyJD1xuh7OpaKoBsTuZTyw2KPk"},"userId":"682721dd2abc794529b7e100"},"level":"info","message":"Data received","timestamp":"2025-05-16T11:31:19.851Z"}
{"data":{},"level":"info","message":"Data received","timestamp":"2025-05-16T11:31:21.410Z"}
{"data":{},"level":"info","message":"Data received","timestamp":"2025-05-16T11:31:29.663Z"}
{"data":{},"level":"info","message":"Data received","timestamp":"2025-05-16T11:31:30.070Z"}
{"data":{},"level":"info","message":"Data received","timestamp":"2025-05-16T11:31:30.085Z"}
{"data":{},"level":"info","message":"Data received","timestamp":"2025-05-16T11:31:30.090Z"}
{"data":{},"level":"info","message":"Data received","timestamp":"2025-05-16T11:31:30.091Z"}
{"data":{},"level":"info","message":"Data received","timestamp":"2025-05-16T11:31:30.092Z"}
{"data":{},"level":"info","message":"Data received","timestamp":"2025-05-16T11:31:30.094Z"}
{"data":{},"level":"info","message":"Data received","timestamp":"2025-05-16T11:31:30.198Z"}
{"data":{},"level":"info","message":"Data received","timestamp":"2025-05-16T11:31:30.212Z"}
{"data":{},"level":"info","message":"Data received","timestamp":"2025-05-16T11:31:30.213Z"}
{"data":{},"level":"info","message":"Data received","timestamp":"2025-05-16T11:31:30.215Z"}
{"data":{},"level":"info","message":"Data received","timestamp":"2025-05-16T11:31:30.217Z"}
{"data":{},"level":"info","message":"Data received","timestamp":"2025-05-16T11:31:30.231Z"}
{"data":{},"level":"info","message":"Data received news","timestamp":"2025-05-16T11:31:46.360Z"}
{"data":{"headers":{"auth-token":"eyJhbGciOiJIUzI1NiIsInR5cCI6IkpXVCJ9.eyJfaWQiOiI2ODI3MjFkZDJhYmM3OTQ1MjliN2UxMDAiLCJpYXQiOjE3NDczOTUwMzd9.7H1iZzyHI75AgegkmGyJD1xuh7OpaKoBsTuZTyw2KPk"},"userId":"682721dd2abc794529b7e100"},"level":"info","message":"Data received","timestamp":"2025-05-16T11:31:49.163Z"}
{"data":{"headers":{"auth-token":"eyJhbGciOiJIUzI1NiIsInR5cCI6IkpXVCJ9.eyJfaWQiOiI2ODI3MjFkZDJhYmM3OTQ1MjliN2UxMDAiLCJpYXQiOjE3NDczOTUwMzd9.7H1iZzyHI75AgegkmGyJD1xuh7OpaKoBsTuZTyw2KPk"},"userId":"682721dd2abc794529b7e100"},"level":"info","message":"Data received","timestamp":"2025-05-16T11:31:49.911Z"}
{"data":{"headers":{"auth-token":"eyJhbGciOiJIUzI1NiIsInR5cCI6IkpXVCJ9.eyJfaWQiOiI2ODI3MjFkZDJhYmM3OTQ1MjliN2UxMDAiLCJpYXQiOjE3NDczOTUwMzd9.7H1iZzyHI75AgegkmGyJD1xuh7OpaKoBsTuZTyw2KPk"},"userId":"682721dd2abc794529b7e100"},"level":"info","message":"Data received","timestamp":"2025-05-16T11:31:51.444Z"}
{"data":{"headers":{"auth-token":"eyJhbGciOiJIUzI1NiIsInR5cCI6IkpXVCJ9.eyJfaWQiOiI2ODI3MjFkZDJhYmM3OTQ1MjliN2UxMDAiLCJpYXQiOjE3NDczOTUwMzd9.7H1iZzyHI75AgegkmGyJD1xuh7OpaKoBsTuZTyw2KPk"},"userId":"682721dd2abc794529b7e100"},"level":"info","message":"Data received","timestamp":"2025-05-16T11:31:52.810Z"}
{"data":{"headers":{"auth-token":"eyJhbGciOiJIUzI1NiIsInR5cCI6IkpXVCJ9.eyJfaWQiOiI2ODI3MjFkZDJhYmM3OTQ1MjliN2UxMDAiLCJpYXQiOjE3NDczOTUwMzd9.7H1iZzyHI75AgegkmGyJD1xuh7OpaKoBsTuZTyw2KPk"},"userId":"682721dd2abc794529b7e100"},"level":"info","message":"Data received","timestamp":"2025-05-16T11:31:54.430Z"}
{"data":{"headers":{"auth-token":"eyJhbGciOiJIUzI1NiIsInR5cCI6IkpXVCJ9.eyJfaWQiOiI2ODI3MjFkZDJhYmM3OTQ1MjliN2UxMDAiLCJpYXQiOjE3NDczOTUwMzd9.7H1iZzyHI75AgegkmGyJD1xuh7OpaKoBsTuZTyw2KPk"},"userId":"682721dd2abc794529b7e100"},"level":"info","message":"Data received","timestamp":"2025-05-16T11:31:55.850Z"}
{"data":{},"level":"info","message":"Data received","timestamp":"2025-05-16T11:31:59.702Z"}
{"data":{},"level":"info","message":"Data received","timestamp":"2025-05-16T11:32:15.696Z"}
{"data":{},"level":"info","message":"Data received","timestamp":"2025-05-16T11:32:16.165Z"}
{"data":{},"level":"info","message":"Data received","timestamp":"2025-05-16T11:32:16.179Z"}
{"data":{},"level":"info","message":"Data received","timestamp":"2025-05-16T11:32:16.180Z"}
{"data":{},"level":"info","message":"Data received","timestamp":"2025-05-16T11:32:16.182Z"}
{"data":{},"level":"info","message":"Data received","timestamp":"2025-05-16T11:32:16.183Z"}
{"data":{},"level":"info","message":"Data received","timestamp":"2025-05-16T11:32:16.197Z"}
{"data":{},"level":"info","message":"Data received","timestamp":"2025-05-16T11:32:16.302Z"}
{"data":{},"level":"info","message":"Data received","timestamp":"2025-05-16T11:32:16.304Z"}
{"data":{},"level":"info","message":"Data received","timestamp":"2025-05-16T11:32:16.305Z"}
{"data":{},"level":"info","message":"Data received","timestamp":"2025-05-16T11:32:16.308Z"}
{"data":{},"level":"info","message":"Data received","timestamp":"2025-05-16T11:32:16.310Z"}
{"data":{},"level":"info","message":"Data received","timestamp":"2025-05-16T11:32:16.330Z"}
{"data":{},"level":"info","message":"Data received","timestamp":"2025-05-16T11:36:11.373Z"}
{"data":{},"level":"info","message":"Data received","timestamp":"2025-05-16T11:36:11.380Z"}
{"data":{},"level":"info","message":"Data received","timestamp":"2025-05-16T11:36:12.051Z"}
{"data":{},"level":"info","message":"Data received","timestamp":"2025-05-16T11:36:12.052Z"}
{"data":{},"level":"info","message":"Data received","timestamp":"2025-05-16T11:36:12.081Z"}
{"data":{},"level":"info","message":"Data received","timestamp":"2025-05-16T11:36:12.082Z"}
{"data":{},"level":"info","message":"Data received","timestamp":"2025-05-16T11:36:12.084Z"}
{"data":{},"level":"info","message":"Data received","timestamp":"2025-05-16T11:36:12.173Z"}
{"data":{},"level":"info","message":"Data received","timestamp":"2025-05-16T11:36:12.176Z"}
{"data":{},"level":"info","message":"Data received","timestamp":"2025-05-16T11:36:12.201Z"}
{"data":{},"level":"info","message":"Data received","timestamp":"2025-05-16T11:36:12.203Z"}
{"data":{},"level":"info","message":"Data received","timestamp":"2025-05-16T11:36:12.210Z"}
{"data":{},"level":"info","message":"Data received","timestamp":"2025-05-16T11:36:12.296Z"}
{"data":{},"level":"info","message":"Data received","timestamp":"2025-05-16T11:36:12.299Z"}
{"level":"info","message":"randomDoc","timestamp":"2025-05-16T11:36:16.654Z"}
{"level":"info","message":[{"__v":0,"_id":"68271e02ffa5bd816f0049f9","available":true,"createdAt":"2025-05-16T11:14:10.685Z","updatedAt":"2025-05-16T11:14:10.685Z","version":1,"yourID":"7fb38570-f93a-413f-b608-1cabbbb183c1"}],"timestamp":"2025-05-16T11:36:16.654Z"}
{"data":{"headers":{"auth-token":"eyJhbGciOiJIUzI1NiIsInR5cCI6IkpXVCJ9.eyJfaWQiOiI2ODI3MjFkZDJhYmM3OTQ1MjliN2UxMDAiLCJpYXQiOjE3NDczOTUwMzd9.7H1iZzyHI75AgegkmGyJD1xuh7OpaKoBsTuZTyw2KPk"}},"level":"info","message":"Data received","timestamp":"2025-05-16T11:36:17.693Z"}
{"data":{"feedback":"","q1":"62","q10":"","q2":"option1","q3":"option2","q4":"option1","q5":"","q6":"62","q7":"option1","q8":"option2","q9":""},"level":"info","message":"Data received","timestamp":"2025-05-16T11:36:33.030Z"}
{"data":{"headers":{"auth-token":"eyJhbGciOiJIUzI1NiIsInR5cCI6IkpXVCJ9.eyJfaWQiOiI2ODI3MjFkZDJhYmM3OTQ1MjliN2UxMDAiLCJpYXQiOjE3NDczOTUwMzd9.7H1iZzyHI75AgegkmGyJD1xuh7OpaKoBsTuZTyw2KPk"}},"level":"info","message":"Data received","timestamp":"2025-05-16T11:36:33.431Z"}
{"data":{"password":"","pool":"1","profilePicture":"Blaues Huhn.webp","username":"Plavo Pile","username_second":"Stahlblaues Eichhörnchen"},"level":"info","message":"Data received","timestamp":"2025-05-16T11:36:36.457Z"}
{"data":{"headers":{"auth-token":"eyJhbGciOiJIUzI1NiIsInR5cCI6IkpXVCJ9.eyJfaWQiOiI2ODI3MjM0NDM4MWQ0MzA0Y2Y1MWRhYmIiLCJpYXQiOjE3NDczOTUzOTZ9.0VkGREmBR0qDnuZkh_V2FEk_UxG3t3DtzHpffefoiBA"},"userId":"68272344381d4304cf51dabb","version":"1"},"level":"info","message":"Data received","timestamp":"2025-05-16T11:36:36.880Z"}
{"data":{},"level":"info","message":"Data received","timestamp":"2025-05-16T11:36:38.332Z"}
{"data":{},"level":"info","message":"Data received","timestamp":"2025-05-16T11:36:38.334Z"}
{"data":{},"level":"info","message":"Data received","timestamp":"2025-05-16T11:36:38.719Z"}
{"data":{},"level":"info","message":"Data received","timestamp":"2025-05-16T11:36:38.721Z"}
{"data":{},"level":"info","message":"Data received","timestamp":"2025-05-16T11:36:38.723Z"}
{"data":{},"level":"info","message":"Data received","timestamp":"2025-05-16T11:36:38.724Z"}
{"data":{},"level":"info","message":"Data received","timestamp":"2025-05-16T11:36:38.735Z"}
{"data":{},"level":"info","message":"Data received","timestamp":"2025-05-16T11:36:38.737Z"}
{"data":{},"level":"info","message":"Data received","timestamp":"2025-05-16T11:36:38.842Z"}
{"data":{},"level":"info","message":"Data received","timestamp":"2025-05-16T11:36:38.844Z"}
{"data":{},"level":"info","message":"Data received","timestamp":"2025-05-16T11:36:38.846Z"}
{"data":{},"level":"info","message":"Data received","timestamp":"2025-05-16T11:36:38.847Z"}
{"data":{},"level":"info","message":"Data received","timestamp":"2025-05-16T11:36:38.855Z"}
{"data":{},"level":"info","message":"Data received","timestamp":"2025-05-16T11:36:38.856Z"}
{"data":{},"level":"info","message":"Data received news","timestamp":"2025-05-16T11:36:54.979Z"}
{"data":{"headers":{"auth-token":"eyJhbGciOiJIUzI1NiIsInR5cCI6IkpXVCJ9.eyJfaWQiOiI2ODI3MjM0NDM4MWQ0MzA0Y2Y1MWRhYmIiLCJpYXQiOjE3NDczOTUzOTZ9.0VkGREmBR0qDnuZkh_V2FEk_UxG3t3DtzHpffefoiBA"},"userId":"68272344381d4304cf51dabb"},"level":"info","message":"Data received","timestamp":"2025-05-16T11:36:57.445Z"}
{"data":{"headers":{"auth-token":"eyJhbGciOiJIUzI1NiIsInR5cCI6IkpXVCJ9.eyJfaWQiOiI2ODI3MjM0NDM4MWQ0MzA0Y2Y1MWRhYmIiLCJpYXQiOjE3NDczOTUzOTZ9.0VkGREmBR0qDnuZkh_V2FEk_UxG3t3DtzHpffefoiBA"},"userId":"68272344381d4304cf51dabb"},"level":"info","message":"Data received","timestamp":"2025-05-16T11:36:58.207Z"}
{"data":{},"level":"info","message":"Data received","timestamp":"2025-05-16T11:37:02.252Z"}
{"data":{},"level":"info","message":"Data received","timestamp":"2025-05-16T11:37:10.478Z"}
{"data":{},"level":"info","message":"Data received","timestamp":"2025-05-16T11:37:10.879Z"}
{"data":{},"level":"info","message":"Data received","timestamp":"2025-05-16T11:37:10.891Z"}
{"data":{},"level":"info","message":"Data received","timestamp":"2025-05-16T11:37:10.898Z"}
{"data":{},"level":"info","message":"Data received","timestamp":"2025-05-16T11:37:10.900Z"}
{"data":{},"level":"info","message":"Data received","timestamp":"2025-05-16T11:37:10.901Z"}
{"data":{},"level":"info","message":"Data received","timestamp":"2025-05-16T11:37:10.944Z"}
{"data":{},"level":"info","message":"Data received","timestamp":"2025-05-16T11:37:11.009Z"}
{"data":{},"level":"info","message":"Data received","timestamp":"2025-05-16T11:37:11.016Z"}
{"data":{},"level":"info","message":"Data received","timestamp":"2025-05-16T11:37:11.018Z"}
{"data":{},"level":"info","message":"Data received","timestamp":"2025-05-16T11:37:11.020Z"}
{"data":{},"level":"info","message":"Data received","timestamp":"2025-05-16T11:37:11.022Z"}
{"data":{},"level":"info","message":"Data received","timestamp":"2025-05-16T11:37:11.113Z"}
{"data":{},"level":"info","message":"Data received news","timestamp":"2025-05-16T11:37:46.582Z"}
{"data":{"headers":{"auth-token":"eyJhbGciOiJIUzI1NiIsInR5cCI6IkpXVCJ9.eyJfaWQiOiI2ODI3MjM0NDM4MWQ0MzA0Y2Y1MWRhYmIiLCJpYXQiOjE3NDczOTUzOTZ9.0VkGREmBR0qDnuZkh_V2FEk_UxG3t3DtzHpffefoiBA"},"userId":"68272344381d4304cf51dabb"},"level":"info","message":"Data received","timestamp":"2025-05-16T11:37:48.953Z"}
{"data":{"headers":{"auth-token":"eyJhbGciOiJIUzI1NiIsInR5cCI6IkpXVCJ9.eyJfaWQiOiI2ODI3MjM0NDM4MWQ0MzA0Y2Y1MWRhYmIiLCJpYXQiOjE3NDczOTUzOTZ9.0VkGREmBR0qDnuZkh_V2FEk_UxG3t3DtzHpffefoiBA"},"userId":"68272344381d4304cf51dabb"},"level":"info","message":"Data received","timestamp":"2025-05-16T11:37:49.755Z"}
{"data":{},"level":"info","message":"Data received","timestamp":"2025-05-16T11:37:51.517Z"}
{"data":{},"level":"info","message":"Data received","timestamp":"2025-05-16T11:38:05.505Z"}
{"data":{},"level":"info","message":"Data received","timestamp":"2025-05-16T11:38:05.905Z"}
{"data":{},"level":"info","message":"Data received","timestamp":"2025-05-16T11:38:05.931Z"}
{"data":{},"level":"info","message":"Data received","timestamp":"2025-05-16T11:38:05.933Z"}
{"data":{},"level":"info","message":"Data received","timestamp":"2025-05-16T11:38:05.941Z"}
{"data":{},"level":"info","message":"Data received","timestamp":"2025-05-16T11:38:05.942Z"}
{"data":{},"level":"info","message":"Data received","timestamp":"2025-05-16T11:38:05.943Z"}
{"data":{},"level":"info","message":"Data received","timestamp":"2025-05-16T11:38:06.031Z"}
{"data":{},"level":"info","message":"Data received","timestamp":"2025-05-16T11:38:06.053Z"}
{"data":{},"level":"info","message":"Data received","timestamp":"2025-05-16T11:38:06.058Z"}
{"data":{},"level":"info","message":"Data received","timestamp":"2025-05-16T11:38:06.060Z"}
{"data":{},"level":"info","message":"Data received","timestamp":"2025-05-16T11:38:06.062Z"}
{"data":{},"level":"info","message":"Data received","timestamp":"2025-05-16T11:38:06.069Z"}
{"data":{"headers":{"auth-token":"eyJhbGciOiJIUzI1NiIsInR5cCI6IkpXVCJ9.eyJfaWQiOiI2ODI3MjM0NDM4MWQ0MzA0Y2Y1MWRhYmIiLCJpYXQiOjE3NDczOTUzOTZ9.0VkGREmBR0qDnuZkh_V2FEk_UxG3t3DtzHpffefoiBA"},"userId":"68272344381d4304cf51dabb"},"level":"info","message":"Data received","timestamp":"2025-05-16T11:38:23.425Z"}
{"data":{"headers":{"auth-token":"eyJhbGciOiJIUzI1NiIsInR5cCI6IkpXVCJ9.eyJfaWQiOiI2ODI3MjM0NDM4MWQ0MzA0Y2Y1MWRhYmIiLCJpYXQiOjE3NDczOTUzOTZ9.0VkGREmBR0qDnuZkh_V2FEk_UxG3t3DtzHpffefoiBA"},"userId":"68272344381d4304cf51dabb"},"level":"info","message":"Data received","timestamp":"2025-05-16T11:38:24.105Z"}
{"data":{"headers":{"auth-token":"eyJhbGciOiJIUzI1NiIsInR5cCI6IkpXVCJ9.eyJfaWQiOiI2ODI3MjM0NDM4MWQ0MzA0Y2Y1MWRhYmIiLCJpYXQiOjE3NDczOTUzOTZ9.0VkGREmBR0qDnuZkh_V2FEk_UxG3t3DtzHpffefoiBA"},"userId":"68272344381d4304cf51dabb"},"level":"info","message":"Data received","timestamp":"2025-05-16T11:38:24.796Z"}
{"data":{},"level":"info","message":"Data received","timestamp":"2025-05-16T11:38:25.408Z"}
{"data":{},"level":"info","message":"Data received news","timestamp":"2025-05-16T11:38:28.651Z"}
{"data":{},"level":"info","message":"Data received","timestamp":"2025-05-16T11:38:30.779Z"}
{"error":"Cannot set headers after they are sent to the client","level":"error","message":"Error saving data","timestamp":"2025-05-16T11:38:31.146Z"}
{"data":{},"level":"info","message":"Data received","timestamp":"2025-05-16T11:38:32.514Z"}
{"data":{},"level":"info","message":"Data received","timestamp":"2025-05-16T11:38:32.515Z"}
{"level":"info","message":"randomDoc","timestamp":"2025-05-16T11:39:37.880Z"}
{"level":"info","message":[{"__v":0,"_id":"68271e02ffa5bd816f004b5c","available":true,"createdAt":"2025-05-16T11:14:10.685Z","updatedAt":"2025-05-16T11:14:10.685Z","version":2,"yourID":"62d8bfa3-f07e-43fc-9ccd-385b40ea4a9a"}],"timestamp":"2025-05-16T11:39:37.880Z"}
{"data":{"headers":{"auth-token":"eyJhbGciOiJIUzI1NiIsInR5cCI6IkpXVCJ9.eyJfaWQiOiI2ODI3MjM0NDM4MWQ0MzA0Y2Y1MWRhYmIiLCJpYXQiOjE3NDczOTUzOTZ9.0VkGREmBR0qDnuZkh_V2FEk_UxG3t3DtzHpffefoiBA"},"survey":{"feedback":"","q1":"option1","q10":"option1, option2","q11":"option2, option1, option4","q12":"option1, option5","q13":"option1, option2","q14":"option1","q15":"option1","q16":"option1","q17":"option2","q18":"option1","q19":"option1","q2":"option1","q20":"option1","q21":"","q3":"option1","q4":"option1","q5":"option1","q6":"option1","q6_1":"option1","q6_2":"option1","q7_1":"option1_1","q7_2":"option2_2","q7_3":"option3_3","q7_4":"option4_4","q7_5":"option5_5","q7_6":"option6_6","q7_7":"option7_7","q8_1":"option1","q8_10":"option3","q8_2":"option2","q8_3":"option3","q8_4":"option3","q8_5":"option3","q8_6":"option3","q8_7":"option3","q8_8":"option3","q8_9":"option3","q9":"option1"},"uniqueId":"68271e02ffa5bd816f0049f9"},"level":"info","message":"Data received","timestamp":"2025-05-16T11:39:38.211Z"}
{"level":"info","message":"randomDoc","timestamp":"2025-05-16T11:39:44.739Z"}
{"level":"info","message":[{"__v":0,"_id":"68271e02ffa5bd816f004f97","available":true,"createdAt":"2025-05-16T11:14:10.685Z","updatedAt":"2025-05-16T11:14:10.685Z","version":3,"yourID":"39294ac5-6382-4f00-98e2-0d9c08e5b542"}],"timestamp":"2025-05-16T11:39:44.740Z"}
{"data":{"headers":{"auth-token":null}},"level":"info","message":"Data received","timestamp":"2025-05-16T11:39:45.925Z"}
{"data":{"feedback":"","q1":"23","q10":"","q2":"option1","q3":"option1","q4":"option1","q5":"","q6":"36","q7":"option1","q8":"option7","q9":""},"level":"info","message":"Data received","timestamp":"2025-05-16T11:40:03.518Z"}
{"data":{"headers":{"auth-token":null}},"level":"info","message":"Data received","timestamp":"2025-05-16T11:40:03.937Z"}
{"data":{"password":"","pool":"3","profilePicture":"Grauer Orca.webp","username":"Siva Orka","username_second":"Blauer Waschbär"},"level":"info","message":"Data received","timestamp":"2025-05-16T11:40:09.742Z"}
{"data":{"headers":{"auth-token":"eyJhbGciOiJIUzI1NiIsInR5cCI6IkpXVCJ9.eyJfaWQiOiI2ODI3MjQxOTM4MWQ0MzA0Y2Y1MWRjMzYiLCJpYXQiOjE3NDczOTU2MTB9.RgaKZ3SqKHBsEMBua6dnUmsQtxgOUQrOr19FGaGa2Yw"},"userId":"68272419381d4304cf51dc36","version":"3"},"level":"info","message":"Data received","timestamp":"2025-05-16T11:40:10.164Z"}
{"data":{},"level":"info","message":"Data received","timestamp":"2025-05-16T11:40:11.616Z"}
{"data":{},"level":"info","message":"Data received","timestamp":"2025-05-16T11:40:11.629Z"}
{"data":{},"level":"info","message":"Data received","timestamp":"2025-05-16T11:40:11.995Z"}
{"data":{},"level":"info","message":"Data received","timestamp":"2025-05-16T11:40:12.001Z"}
{"data":{},"level":"info","message":"Data received","timestamp":"2025-05-16T11:40:12.003Z"}
{"data":{},"level":"info","message":"Data received","timestamp":"2025-05-16T11:40:12.008Z"}
{"data":{},"level":"info","message":"Data received","timestamp":"2025-05-16T11:40:12.012Z"}
{"data":{},"level":"info","message":"Data received","timestamp":"2025-05-16T11:40:12.014Z"}
{"data":{},"level":"info","message":"Data received","timestamp":"2025-05-16T11:40:12.118Z"}
{"data":{},"level":"info","message":"Data received","timestamp":"2025-05-16T11:40:12.121Z"}
{"data":{},"level":"info","message":"Data received","timestamp":"2025-05-16T11:40:12.124Z"}
{"data":{},"level":"info","message":"Data received","timestamp":"2025-05-16T11:40:12.130Z"}
{"data":{},"level":"info","message":"Data received","timestamp":"2025-05-16T11:40:12.135Z"}
{"data":{},"level":"info","message":"Data received","timestamp":"2025-05-16T11:40:12.140Z"}
{"data":{"headers":{"auth-token":"eyJhbGciOiJIUzI1NiIsInR5cCI6IkpXVCJ9.eyJfaWQiOiI2ODI3MjQxOTM4MWQ0MzA0Y2Y1MWRjMzYiLCJpYXQiOjE3NDczOTU2MTB9.RgaKZ3SqKHBsEMBua6dnUmsQtxgOUQrOr19FGaGa2Yw"}},"level":"info","message":"Data received","timestamp":"2025-05-16T11:40:15.977Z"}
{"data":{"headers":{"auth-token":"eyJhbGciOiJIUzI1NiIsInR5cCI6IkpXVCJ9.eyJfaWQiOiI2ODI3MjQxOTM4MWQ0MzA0Y2Y1MWRjMzYiLCJpYXQiOjE3NDczOTU2MTB9.RgaKZ3SqKHBsEMBua6dnUmsQtxgOUQrOr19FGaGa2Yw"}},"level":"info","message":"Data received","timestamp":"2025-05-16T11:40:16.493Z"}
{"level":"info","message":"randomDoc","timestamp":"2025-05-16T11:40:18.829Z"}
{"level":"info","message":[{"__v":0,"_id":"68271e02ffa5bd816f004fd5","available":true,"createdAt":"2025-05-16T11:14:10.685Z","updatedAt":"2025-05-16T11:14:10.685Z","version":3,"yourID":"48d41056-2bf4-4147-9c1e-c621b8795642"}],"timestamp":"2025-05-16T11:40:18.829Z"}
{"data":{"headers":{"auth-token":"eyJhbGciOiJIUzI1NiIsInR5cCI6IkpXVCJ9.eyJfaWQiOiI2ODI3MjQxOTM4MWQ0MzA0Y2Y1MWRjMzYiLCJpYXQiOjE3NDczOTU2MTB9.RgaKZ3SqKHBsEMBua6dnUmsQtxgOUQrOr19FGaGa2Yw"}},"level":"info","message":"Data received","timestamp":"2025-05-16T11:40:19.880Z"}
{"data":{"feedback":"","q1":"32","q10":"","q2":"option1","q3":"option1","q4":"option1","q5":"","q6":"32","q7":"option1","q8":"option7","q9":""},"level":"info","message":"Data received","timestamp":"2025-05-16T11:40:35.772Z"}
{"data":{"headers":{"auth-token":"eyJhbGciOiJIUzI1NiIsInR5cCI6IkpXVCJ9.eyJfaWQiOiI2ODI3MjQxOTM4MWQ0MzA0Y2Y1MWRjMzYiLCJpYXQiOjE3NDczOTU2MTB9.RgaKZ3SqKHBsEMBua6dnUmsQtxgOUQrOr19FGaGa2Yw"}},"level":"info","message":"Data received","timestamp":"2025-05-16T11:40:36.210Z"}
{"data":{"password":"","pool":"3","profilePicture":"Rosa Biene.webp","username":"Roze Pčela","username_second":"Dunkelschiefergrauer Elefant"},"level":"info","message":"Data received","timestamp":"2025-05-16T11:40:39.113Z"}
{"data":{"headers":{"auth-token":"eyJhbGciOiJIUzI1NiIsInR5cCI6IkpXVCJ9.eyJfaWQiOiI2ODI3MjQzNzM4MWQ0MzA0Y2Y1MWRjNzkiLCJpYXQiOjE3NDczOTU2Mzl9.6w6M8FPhaRF2MFvnwBSKKZtUtNlBfpNREfpMQhOG_qM"},"userId":"68272437381d4304cf51dc79","version":"3"},"level":"info","message":"Data received","timestamp":"2025-05-16T11:40:39.686Z"}
{"data":{},"level":"info","message":"Data received","timestamp":"2025-05-16T11:40:41.223Z"}
{"data":{},"level":"info","message":"Data received","timestamp":"2025-05-16T11:40:41.224Z"}
{"data":{},"level":"info","message":"Data received","timestamp":"2025-05-16T11:40:41.638Z"}
{"data":{},"level":"info","message":"Data received","timestamp":"2025-05-16T11:40:41.642Z"}
{"data":{},"level":"info","message":"Data received","timestamp":"2025-05-16T11:40:41.645Z"}
{"data":{},"level":"info","message":"Data received","timestamp":"2025-05-16T11:40:41.646Z"}
{"data":{},"level":"info","message":"Data received","timestamp":"2025-05-16T11:40:41.660Z"}
{"data":{},"level":"info","message":"Data received","timestamp":"2025-05-16T11:40:41.661Z"}
{"data":{},"level":"info","message":"Data received","timestamp":"2025-05-16T11:40:41.766Z"}
{"data":{},"level":"info","message":"Data received","timestamp":"2025-05-16T11:40:41.767Z"}
{"data":{},"level":"info","message":"Data received","timestamp":"2025-05-16T11:40:41.770Z"}
{"data":{},"level":"info","message":"Data received","timestamp":"2025-05-16T11:40:41.774Z"}
{"data":{},"level":"info","message":"Data received","timestamp":"2025-05-16T11:40:41.780Z"}
{"data":{},"level":"info","message":"Data received","timestamp":"2025-05-16T11:40:41.784Z"}
{"level":"info","message":"randomDoc","timestamp":"2025-05-16T11:40:47.161Z"}
{"level":"info","message":[{"__v":0,"_id":"68271e02ffa5bd816f004949","available":true,"createdAt":"2025-05-16T11:14:10.685Z","updatedAt":"2025-05-16T11:14:10.685Z","version":1,"yourID":"e466658d-2d8e-4243-a072-7618712dd09a"}],"timestamp":"2025-05-16T11:40:47.161Z"}
{"level":"info","message":"randomDoc","timestamp":"2025-05-16T11:40:48.332Z"}
{"level":"info","message":[{"__v":0,"_id":"68271e02ffa5bd816f005009","available":true,"createdAt":"2025-05-16T11:14:10.685Z","updatedAt":"2025-05-16T11:14:10.685Z","version":3,"yourID":"837e7d91-b6dc-4eb6-86bc-4e43efeafcdd"}],"timestamp":"2025-05-16T11:40:48.332Z"}
{"level":"info","message":"randomDoc","timestamp":"2025-05-16T11:40:49.408Z"}
{"level":"info","message":[{"__v":0,"_id":"68271e02ffa5bd816f004d7e","available":true,"createdAt":"2025-05-16T11:14:10.685Z","updatedAt":"2025-05-16T11:14:10.685Z","version":2,"yourID":"3345f274-8f53-4014-89c7-d68fb1c012f0"}],"timestamp":"2025-05-16T11:40:49.408Z"}
{"data":{"headers":{"auth-token":"eyJhbGciOiJIUzI1NiIsInR5cCI6IkpXVCJ9.eyJfaWQiOiI2ODI3MjQzNzM4MWQ0MzA0Y2Y1MWRjNzkiLCJpYXQiOjE3NDczOTU2Mzl9.6w6M8FPhaRF2MFvnwBSKKZtUtNlBfpNREfpMQhOG_qM"}},"level":"info","message":"Data received","timestamp":"2025-05-16T11:40:50.867Z"}
{"data":{"feedback":"","q1":"32","q10":"","q2":"option1","q3":"option3","q4":"option1","q5":"","q6":"62","q7":"option1","q8":"option1","q9":""},"level":"info","message":"Data received","timestamp":"2025-05-16T11:41:05.628Z"}
{"data":{"headers":{"auth-token":"eyJhbGciOiJIUzI1NiIsInR5cCI6IkpXVCJ9.eyJfaWQiOiI2ODI3MjQzNzM4MWQ0MzA0Y2Y1MWRjNzkiLCJpYXQiOjE3NDczOTU2Mzl9.6w6M8FPhaRF2MFvnwBSKKZtUtNlBfpNREfpMQhOG_qM"}},"level":"info","message":"Data received","timestamp":"2025-05-16T11:41:06.028Z"}
{"data":{"password":"","pool":"2","profilePicture":"Rosa Biene.webp","username":"Roze Pčela","username_second":"Graues Frettchen"},"level":"info","message":"Data received","timestamp":"2025-05-16T11:41:08.891Z"}
{"data":{"headers":{"auth-token":"eyJhbGciOiJIUzI1NiIsInR5cCI6IkpXVCJ9.eyJfaWQiOiI2ODI3MjQ1NTM4MWQ0MzA0Y2Y1MWRjYjkiLCJpYXQiOjE3NDczOTU2Njl9.nTvD7Vi2ME5MoNdWTrYbiXnoKR23iNJrXfv-AgoHg9c"},"userId":"68272455381d4304cf51dcb9","version":"2"},"level":"info","message":"Data received","timestamp":"2025-05-16T11:41:09.427Z"}
{"data":{},"level":"info","message":"Data received","timestamp":"2025-05-16T11:41:10.881Z"}
{"data":{},"level":"info","message":"Data received","timestamp":"2025-05-16T11:41:10.882Z"}
{"data":{},"level":"info","message":"Data received","timestamp":"2025-05-16T11:41:11.268Z"}
{"data":{},"level":"info","message":"Data received","timestamp":"2025-05-16T11:41:11.269Z"}
{"data":{},"level":"info","message":"Data received","timestamp":"2025-05-16T11:41:11.271Z"}
{"data":{},"level":"info","message":"Data received","timestamp":"2025-05-16T11:41:11.293Z"}
{"data":{},"level":"info","message":"Data received","timestamp":"2025-05-16T11:41:11.300Z"}
{"data":{},"level":"info","message":"Data received","timestamp":"2025-05-16T11:41:11.301Z"}
{"data":{},"level":"info","message":"Data received","timestamp":"2025-05-16T11:41:11.390Z"}
{"data":{},"level":"info","message":"Data received","timestamp":"2025-05-16T11:41:11.392Z"}
{"data":{},"level":"info","message":"Data received","timestamp":"2025-05-16T11:41:11.396Z"}
{"data":{},"level":"info","message":"Data received","timestamp":"2025-05-16T11:41:11.413Z"}
{"data":{},"level":"info","message":"Data received","timestamp":"2025-05-16T11:41:11.423Z"}
{"data":{},"level":"info","message":"Data received","timestamp":"2025-05-16T11:41:11.424Z"}
{"level":"info","message":"randomDoc","timestamp":"2025-05-16T11:41:16.031Z"}
{"level":"info","message":[{"__v":0,"_id":"68271e02ffa5bd816f004fd1","available":true,"createdAt":"2025-05-16T11:14:10.685Z","updatedAt":"2025-05-16T11:14:10.685Z","version":3,"yourID":"3f81b1ba-eecc-47df-9fdc-cbf69605be03"}],"timestamp":"2025-05-16T11:41:16.031Z"}
{"data":{"headers":{"auth-token":"eyJhbGciOiJIUzI1NiIsInR5cCI6IkpXVCJ9.eyJfaWQiOiI2ODI3MjQ1NTM4MWQ0MzA0Y2Y1MWRjYjkiLCJpYXQiOjE3NDczOTU2Njl9.nTvD7Vi2ME5MoNdWTrYbiXnoKR23iNJrXfv-AgoHg9c"}},"level":"info","message":"Data received","timestamp":"2025-05-16T11:41:17.211Z"}
{"data":{"feedback":"","q1":"62","q10":"","q2":"option1","q3":"option1","q4":"option1","q5":"","q6":"32","q7":"option1","q8":"option2","q9":""},"level":"info","message":"Data received","timestamp":"2025-05-16T11:41:32.699Z"}
{"data":{"headers":{"auth-token":"eyJhbGciOiJIUzI1NiIsInR5cCI6IkpXVCJ9.eyJfaWQiOiI2ODI3MjQ1NTM4MWQ0MzA0Y2Y1MWRjYjkiLCJpYXQiOjE3NDczOTU2Njl9.nTvD7Vi2ME5MoNdWTrYbiXnoKR23iNJrXfv-AgoHg9c"}},"level":"info","message":"Data received","timestamp":"2025-05-16T11:41:33.088Z"}
{"data":{"password":"","pool":"3","profilePicture":"Blaues Huhn.webp","username":"Plavo Pile","username_second":"Grüne Eule"},"level":"info","message":"Data received","timestamp":"2025-05-16T11:41:39.782Z"}
{"data":{"headers":{"auth-token":"eyJhbGciOiJIUzI1NiIsInR5cCI6IkpXVCJ9.eyJfaWQiOiI2ODI3MjQ3MzM4MWQ0MzA0Y2Y1MWRjZjciLCJpYXQiOjE3NDczOTU3MDB9.lVTvqZLcwjtse_i2P5VnVuj2J8_oY74HripyZvuevy4"},"userId":"68272473381d4304cf51dcf7","version":"3"},"level":"info","message":"Data received","timestamp":"2025-05-16T11:41:40.221Z"}
{"data":{},"level":"info","message":"Data received","timestamp":"2025-05-16T11:41:41.709Z"}
{"data":{},"level":"info","message":"Data received","timestamp":"2025-05-16T11:41:41.724Z"}
{"data":{},"level":"info","message":"Data received","timestamp":"2025-05-16T11:41:42.096Z"}
{"data":{},"level":"info","message":"Data received","timestamp":"2025-05-16T11:41:42.104Z"}
{"data":{},"level":"info","message":"Data received","timestamp":"2025-05-16T11:41:42.112Z"}
{"data":{},"level":"info","message":"Data received","timestamp":"2025-05-16T11:41:42.113Z"}
{"data":{},"level":"info","message":"Data received","timestamp":"2025-05-16T11:41:42.115Z"}
{"data":{},"level":"info","message":"Data received","timestamp":"2025-05-16T11:41:42.116Z"}
{"data":{},"level":"info","message":"Data received","timestamp":"2025-05-16T11:41:42.223Z"}
{"data":{},"level":"info","message":"Data received","timestamp":"2025-05-16T11:41:42.225Z"}
{"data":{},"level":"info","message":"Data received","timestamp":"2025-05-16T11:41:42.232Z"}
{"data":{},"level":"info","message":"Data received","timestamp":"2025-05-16T11:41:42.233Z"}
{"data":{},"level":"info","message":"Data received","timestamp":"2025-05-16T11:41:42.236Z"}
{"data":{},"level":"info","message":"Data received","timestamp":"2025-05-16T11:41:42.238Z"}
{"level":"info","message":"randomDoc","timestamp":"2025-05-16T11:48:59.694Z"}
{"level":"info","message":[{"__v":0,"_id":"68271e02ffa5bd816f004ee2","available":true,"createdAt":"2025-05-16T11:14:10.685Z","updatedAt":"2025-05-16T11:14:10.685Z","version":3,"yourID":"ede0f980-b1b4-4f6a-ab9a-9efbb09c7172"}],"timestamp":"2025-05-16T11:48:59.695Z"}
{"data":{"headers":{"auth-token":null}},"level":"info","message":"Data received","timestamp":"2025-05-16T11:49:01.155Z"}
{"data":{"feedback":"","q1":"44","q10":"","q2":"option1","q3":"option1","q4":"option1","q5":"","q6":"44","q7":"option1","q8":"option1","q9":""},"level":"info","message":"Data received","timestamp":"2025-05-16T11:49:14.143Z"}
{"data":{"headers":{"auth-token":null}},"level":"info","message":"Data received","timestamp":"2025-05-16T11:49:14.658Z"}
{"data":{"password":"","pool":"3","profilePicture":"Rosa Biene.webp","username":"Roze Pčela","username_second":"Blauer Oktopus"},"level":"info","message":"Data received","timestamp":"2025-05-16T11:49:17.804Z"}
{"data":{"headers":{"auth-token":"eyJhbGciOiJIUzI1NiIsInR5cCI6IkpXVCJ9.eyJfaWQiOiI2ODI3MjYzZDM4MWQ0MzA0Y2Y1MWRkMzQiLCJpYXQiOjE3NDczOTYxNTh9.l0NvP797oGjLSh26i8-TVrrwsuosB_uc4KJaaF35w0A"},"userId":"6827263d381d4304cf51dd34","version":"3"},"level":"info","message":"Data received","timestamp":"2025-05-16T11:49:18.417Z"}
{"data":{},"level":"info","message":"Data received","timestamp":"2025-05-16T11:49:19.974Z"}
{"data":{},"level":"info","message":"Data received","timestamp":"2025-05-16T11:49:19.975Z"}
{"data":{},"level":"info","message":"Data received","timestamp":"2025-05-16T11:49:20.426Z"}
{"data":{},"level":"info","message":"Data received","timestamp":"2025-05-16T11:49:20.427Z"}
{"data":{},"level":"info","message":"Data received","timestamp":"2025-05-16T11:49:20.428Z"}
{"data":{},"level":"info","message":"Data received","timestamp":"2025-05-16T11:49:20.574Z"}
{"data":{},"level":"info","message":"Data received","timestamp":"2025-05-16T11:49:20.594Z"}
{"data":{},"level":"info","message":"Data received","timestamp":"2025-05-16T11:49:20.598Z"}
{"data":{},"level":"info","message":"Data received","timestamp":"2025-05-16T11:49:20.612Z"}
{"data":{},"level":"info","message":"Data received","timestamp":"2025-05-16T11:49:20.613Z"}
{"data":{},"level":"info","message":"Data received","timestamp":"2025-05-16T11:49:20.761Z"}
{"data":{},"level":"info","message":"Data received","timestamp":"2025-05-16T11:49:20.787Z"}
{"data":{},"level":"info","message":"Data received","timestamp":"2025-05-16T11:49:20.806Z"}
{"data":{},"level":"info","message":"Data received","timestamp":"2025-05-16T11:49:20.809Z"}
{"data":{},"level":"info","message":"Data received news","timestamp":"2025-05-16T11:50:15.280Z"}
{"level":"info","message":"randomDoc","timestamp":"2025-05-16T11:50:39.413Z"}
{"level":"info","message":[{"__v":0,"_id":"68271e02ffa5bd816f004970","available":true,"createdAt":"2025-05-16T11:14:10.685Z","updatedAt":"2025-05-16T11:14:10.685Z","version":1,"yourID":"66d3a364-7cd0-4a30-ab6b-57c6c458f4b3"}],"timestamp":"2025-05-16T11:50:39.413Z"}
{"data":{"headers":{"auth-token":null}},"level":"info","message":"Data received","timestamp":"2025-05-16T11:50:40.736Z"}
{"data":{"feedback":"","q1":"44","q10":"","q2":"option1","q3":"option1","q4":"option1","q5":"","q6":"44","q7":"option1","q8":"option1","q9":""},"level":"info","message":"Data received","timestamp":"2025-05-16T11:50:52.299Z"}
{"data":{"headers":{"auth-token":null}},"level":"info","message":"Data received","timestamp":"2025-05-16T11:50:52.758Z"}
{"data":{"password":"","pool":"1","profilePicture":"Schwarzer Igel.webp","username":"Crni Jež","username_second":"Blassviolettes Warzenschwein"},"level":"info","message":"Data received","timestamp":"2025-05-16T11:50:55.545Z"}
{"data":{"headers":{"auth-token":"eyJhbGciOiJIUzI1NiIsInR5cCI6IkpXVCJ9.eyJfaWQiOiI2ODI3MjY5ZjM4MWQ0MzA0Y2Y1MWRkNzUiLCJpYXQiOjE3NDczOTYyNTV9.mym7fRD8vUfUezaL7wCQ0xA-8k6xOLvxQq25g1uzk7A"},"userId":"6827269f381d4304cf51dd75","version":"1"},"level":"info","message":"Data received","timestamp":"2025-05-16T11:50:56.154Z"}
{"data":{},"level":"info","message":"Data received","timestamp":"2025-05-16T11:50:57.715Z"}
{"data":{},"level":"info","message":"Data received","timestamp":"2025-05-16T11:50:57.845Z"}
{"data":{},"level":"info","message":"Data received","timestamp":"2025-05-16T11:50:58.163Z"}
{"data":{},"level":"info","message":"Data received","timestamp":"2025-05-16T11:50:58.164Z"}
{"data":{},"level":"info","message":"Data received","timestamp":"2025-05-16T11:50:58.263Z"}
{"data":{},"level":"info","message":"Data received","timestamp":"2025-05-16T11:50:58.316Z"}
{"data":{},"level":"info","message":"Data received","timestamp":"2025-05-16T11:50:58.318Z"}
{"data":{},"level":"info","message":"Data received","timestamp":"2025-05-16T11:50:58.319Z"}
{"data":{},"level":"info","message":"Data received","timestamp":"2025-05-16T11:50:58.357Z"}
{"data":{},"level":"info","message":"Data received","timestamp":"2025-05-16T11:50:58.359Z"}
{"data":{},"level":"info","message":"Data received","timestamp":"2025-05-16T11:50:58.448Z"}
{"data":{},"level":"info","message":"Data received","timestamp":"2025-05-16T11:50:58.541Z"}
{"data":{},"level":"info","message":"Data received","timestamp":"2025-05-16T11:50:58.543Z"}
{"data":{},"level":"info","message":"Data received","timestamp":"2025-05-16T11:50:58.639Z"}
{"data":{"headers":{"auth-token":"eyJhbGciOiJIUzI1NiIsInR5cCI6IkpXVCJ9.eyJfaWQiOiI2ODI3MjY5ZjM4MWQ0MzA0Y2Y1MWRkNzUiLCJpYXQiOjE3NDczOTYyNTV9.mym7fRD8vUfUezaL7wCQ0xA-8k6xOLvxQq25g1uzk7A"},"userId":"6827269f381d4304cf51dd75"},"level":"info","message":"Data received","timestamp":"2025-05-16T11:51:12.768Z"}
{"data":{},"level":"info","message":"Data received news","timestamp":"2025-05-16T11:51:16.869Z"}
{"data":{"headers":{"auth-token":"eyJhbGciOiJIUzI1NiIsInR5cCI6IkpXVCJ9.eyJfaWQiOiI2ODI3MjY5ZjM4MWQ0MzA0Y2Y1MWRkNzUiLCJpYXQiOjE3NDczOTYyNTV9.mym7fRD8vUfUezaL7wCQ0xA-8k6xOLvxQq25g1uzk7A"},"userId":"6827269f381d4304cf51dd75"},"level":"info","message":"Data received","timestamp":"2025-05-16T11:51:28.465Z"}
{"data":{},"level":"info","message":"Data received","timestamp":"2025-05-16T11:51:37.219Z"}
{"data":{},"level":"info","message":"Data received","timestamp":"2025-05-16T11:51:45.572Z"}
{"data":{},"level":"info","message":"Data received","timestamp":"2025-05-16T11:51:46.035Z"}
{"data":{},"level":"info","message":"Data received","timestamp":"2025-05-16T11:51:46.170Z"}
{"data":{},"level":"info","message":"Data received","timestamp":"2025-05-16T11:51:46.174Z"}
{"data":{},"level":"info","message":"Data received","timestamp":"2025-05-16T11:51:46.175Z"}
{"data":{},"level":"info","message":"Data received","timestamp":"2025-05-16T11:51:46.176Z"}
{"data":{},"level":"info","message":"Data received","timestamp":"2025-05-16T11:51:46.178Z"}
{"data":{},"level":"info","message":"Data received","timestamp":"2025-05-16T11:51:46.225Z"}
{"data":{},"level":"info","message":"Data received","timestamp":"2025-05-16T11:51:46.356Z"}
{"data":{},"level":"info","message":"Data received","timestamp":"2025-05-16T11:51:46.361Z"}
{"data":{},"level":"info","message":"Data received","timestamp":"2025-05-16T11:51:46.410Z"}
{"data":{},"level":"info","message":"Data received","timestamp":"2025-05-16T11:51:46.543Z"}
{"data":{},"level":"info","message":"Data received","timestamp":"2025-05-16T11:51:46.546Z"}
{"data":{},"level":"info","message":"Data received news","timestamp":"2025-05-16T11:53:06.250Z"}
{"data":{},"level":"info","message":"Data received news","timestamp":"2025-05-16T11:53:17.849Z"}
{"data":{"headers":{"auth-token":"eyJhbGciOiJIUzI1NiIsInR5cCI6IkpXVCJ9.eyJfaWQiOiI2ODI3MjYzZDM4MWQ0MzA0Y2Y1MWRkMzQiLCJpYXQiOjE3NDczOTYxNTh9.l0NvP797oGjLSh26i8-TVrrwsuosB_uc4KJaaF35w0A"},"userId":"6827263d381d4304cf51dd34"},"level":"info","message":"Data received","timestamp":"2025-05-16T11:53:21.818Z"}
{"data":{},"level":"info","message":"Data received news","timestamp":"2025-05-16T11:53:46.943Z"}
{"data":{"headers":{"auth-token":"eyJhbGciOiJIUzI1NiIsInR5cCI6IkpXVCJ9.eyJfaWQiOiI2ODI3MjY5ZjM4MWQ0MzA0Y2Y1MWRkNzUiLCJpYXQiOjE3NDczOTYyNTV9.mym7fRD8vUfUezaL7wCQ0xA-8k6xOLvxQq25g1uzk7A"},"userId":"6827269f381d4304cf51dd75"},"level":"info","message":"Data received","timestamp":"2025-05-16T11:53:49.371Z"}
{"data":{"headers":{"auth-token":"eyJhbGciOiJIUzI1NiIsInR5cCI6IkpXVCJ9.eyJfaWQiOiI2ODI3MjY5ZjM4MWQ0MzA0Y2Y1MWRkNzUiLCJpYXQiOjE3NDczOTYyNTV9.mym7fRD8vUfUezaL7wCQ0xA-8k6xOLvxQq25g1uzk7A"},"userId":"6827269f381d4304cf51dd75"},"level":"info","message":"Data received","timestamp":"2025-05-16T11:53:52.296Z"}
{"data":{},"level":"info","message":"Data received","timestamp":"2025-05-16T11:53:55.525Z"}
{"data":{},"level":"info","message":"Data received","timestamp":"2025-05-16T11:54:09.512Z"}
{"data":{},"level":"info","message":"Data received","timestamp":"2025-05-16T11:54:09.945Z"}
{"data":{},"level":"info","message":"Data received","timestamp":"2025-05-16T11:54:10.080Z"}
{"data":{},"level":"info","message":"Data received","timestamp":"2025-05-16T11:54:10.084Z"}
{"data":{},"level":"info","message":"Data received","timestamp":"2025-05-16T11:54:10.085Z"}
{"data":{},"level":"info","message":"Data received","timestamp":"2025-05-16T11:54:10.087Z"}
{"data":{},"level":"info","message":"Data received","timestamp":"2025-05-16T11:54:10.088Z"}
{"data":{},"level":"info","message":"Data received","timestamp":"2025-05-16T11:54:10.127Z"}
{"data":{},"level":"info","message":"Data received","timestamp":"2025-05-16T11:54:10.262Z"}
{"data":{},"level":"info","message":"Data received","timestamp":"2025-05-16T11:54:10.265Z"}
{"data":{},"level":"info","message":"Data received","timestamp":"2025-05-16T11:54:10.308Z"}
{"data":{},"level":"info","message":"Data received","timestamp":"2025-05-16T11:54:10.442Z"}
{"data":{},"level":"info","message":"Data received","timestamp":"2025-05-16T11:54:10.451Z"}
{"data":{"headers":{"auth-token":"eyJhbGciOiJIUzI1NiIsInR5cCI6IkpXVCJ9.eyJfaWQiOiI2ODI3MjY5ZjM4MWQ0MzA0Y2Y1MWRkNzUiLCJpYXQiOjE3NDczOTYyNTV9.mym7fRD8vUfUezaL7wCQ0xA-8k6xOLvxQq25g1uzk7A"},"userId":"6827269f381d4304cf51dd75"},"level":"info","message":"Data received","timestamp":"2025-05-16T11:55:04.604Z"}
{"data":{"headers":{"auth-token":"eyJhbGciOiJIUzI1NiIsInR5cCI6IkpXVCJ9.eyJfaWQiOiI2ODI3MjY5ZjM4MWQ0MzA0Y2Y1MWRkNzUiLCJpYXQiOjE3NDczOTYyNTV9.mym7fRD8vUfUezaL7wCQ0xA-8k6xOLvxQq25g1uzk7A"},"userId":"6827269f381d4304cf51dd75"},"level":"info","message":"Data received","timestamp":"2025-05-16T11:55:05.112Z"}
{"data":{},"level":"info","message":"Data received","timestamp":"2025-05-16T11:55:05.522Z"}
{"data":{},"level":"info","message":"Data received","timestamp":"2025-05-16T11:55:12.685Z"}
{"data":{},"level":"info","message":"Data received","timestamp":"2025-05-16T11:55:19.343Z"}
{"data":{},"level":"info","message":"Data received","timestamp":"2025-05-16T11:55:24.612Z"}
{"data":{"headers":{"auth-token":"eyJhbGciOiJIUzI1NiIsInR5cCI6IkpXVCJ9.eyJfaWQiOiI2ODI3MjYzZDM4MWQ0MzA0Y2Y1MWRkMzQiLCJpYXQiOjE3NDczOTYxNTh9.l0NvP797oGjLSh26i8-TVrrwsuosB_uc4KJaaF35w0A"},"userId":"6827263d381d4304cf51dd34"},"level":"info","message":"Data received","timestamp":"2025-05-16T12:00:21.083Z"}
{"data":{"headers":{"auth-token":"eyJhbGciOiJIUzI1NiIsInR5cCI6IkpXVCJ9.eyJfaWQiOiI2ODI3MjYzZDM4MWQ0MzA0Y2Y1MWRkMzQiLCJpYXQiOjE3NDczOTYxNTh9.l0NvP797oGjLSh26i8-TVrrwsuosB_uc4KJaaF35w0A"},"userId":"6827263d381d4304cf51dd34"},"level":"info","message":"Data received","timestamp":"2025-05-16T12:00:22.551Z"}
{"data":{},"level":"info","message":"Data received news","timestamp":"2025-05-16T12:00:23.837Z"}
{"data":{},"level":"info","message":"Data received","timestamp":"2025-05-16T12:00:28.930Z"}
{"data":{},"level":"info","message":"Data received","timestamp":"2025-05-16T12:00:37.404Z"}
{"data":{},"level":"info","message":"Data received","timestamp":"2025-05-16T12:00:37.872Z"}
{"data":{},"level":"info","message":"Data received","timestamp":"2025-05-16T12:00:38.014Z"}
{"data":{},"level":"info","message":"Data received","timestamp":"2025-05-16T12:00:38.020Z"}
{"data":{},"level":"info","message":"Data received","timestamp":"2025-05-16T12:00:38.022Z"}
{"data":{},"level":"info","message":"Data received","timestamp":"2025-05-16T12:00:38.023Z"}
{"data":{},"level":"info","message":"Data received","timestamp":"2025-05-16T12:00:38.024Z"}
{"data":{},"level":"info","message":"Data received","timestamp":"2025-05-16T12:00:38.066Z"}
{"data":{},"level":"info","message":"Data received","timestamp":"2025-05-16T12:00:39.592Z"}
{"data":{},"level":"info","message":"Data received","timestamp":"2025-05-16T12:00:39.594Z"}
{"data":{},"level":"info","message":"Data received","timestamp":"2025-05-16T12:00:39.596Z"}
{"data":{},"level":"info","message":"Data received","timestamp":"2025-05-16T12:00:39.775Z"}
{"data":{},"level":"info","message":"Data received","timestamp":"2025-05-16T12:00:39.777Z"}
{"data":{"headers":{"auth-token":"eyJhbGciOiJIUzI1NiIsInR5cCI6IkpXVCJ9.eyJfaWQiOiI2ODI3MjYzZDM4MWQ0MzA0Y2Y1MWRkMzQiLCJpYXQiOjE3NDczOTYxNTh9.l0NvP797oGjLSh26i8-TVrrwsuosB_uc4KJaaF35w0A"},"userId":"6827263d381d4304cf51dd34"},"level":"info","message":"Data received","timestamp":"2025-05-16T12:00:46.298Z"}
{"data":{},"level":"info","message":"Data received news","timestamp":"2025-05-16T12:00:50.659Z"}
{"data":{"headers":{"auth-token":"eyJhbGciOiJIUzI1NiIsInR5cCI6IkpXVCJ9.eyJfaWQiOiI2ODI3MjYzZDM4MWQ0MzA0Y2Y1MWRkMzQiLCJpYXQiOjE3NDczOTYxNTh9.l0NvP797oGjLSh26i8-TVrrwsuosB_uc4KJaaF35w0A"},"userId":"6827263d381d4304cf51dd34"},"level":"info","message":"Data received","timestamp":"2025-05-16T12:01:05.007Z"}
{"data":{},"level":"info","message":"Data received","timestamp":"2025-05-16T12:01:05.712Z"}
{"data":{},"level":"info","message":"Data received","timestamp":"2025-05-16T12:01:19.552Z"}
{"data":{},"level":"info","message":"Data received","timestamp":"2025-05-16T12:01:19.997Z"}
{"data":{},"level":"info","message":"Data received","timestamp":"2025-05-16T12:01:20.141Z"}
{"data":{},"level":"info","message":"Data received","timestamp":"2025-05-16T12:01:20.143Z"}
{"data":{},"level":"info","message":"Data received","timestamp":"2025-05-16T12:01:20.145Z"}
{"data":{},"level":"info","message":"Data received","timestamp":"2025-05-16T12:01:20.147Z"}
{"data":{},"level":"info","message":"Data received","timestamp":"2025-05-16T12:01:20.148Z"}
{"data":{},"level":"info","message":"Data received","timestamp":"2025-05-16T12:01:20.196Z"}
{"data":{},"level":"info","message":"Data received","timestamp":"2025-05-16T12:01:20.338Z"}
{"data":{},"level":"info","message":"Data received","timestamp":"2025-05-16T12:01:20.340Z"}
{"data":{},"level":"info","message":"Data received","timestamp":"2025-05-16T12:01:20.405Z"}
{"data":{},"level":"info","message":"Data received","timestamp":"2025-05-16T12:01:20.520Z"}
{"data":{},"level":"info","message":"Data received","timestamp":"2025-05-16T12:01:20.538Z"}
{"data":{},"level":"info","message":"Data received","timestamp":"2025-05-16T12:01:44.511Z"}
{"data":{"headers":{"auth-token":"eyJhbGciOiJIUzI1NiIsInR5cCI6IkpXVCJ9.eyJfaWQiOiI2ODI3MjYzZDM4MWQ0MzA0Y2Y1MWRkMzQiLCJpYXQiOjE3NDczOTYxNTh9.l0NvP797oGjLSh26i8-TVrrwsuosB_uc4KJaaF35w0A"},"userId":"6827263d381d4304cf51dd34"},"level":"info","message":"Data received","timestamp":"2025-05-16T12:01:49.754Z"}
{"data":{},"level":"info","message":"Data received news","timestamp":"2025-05-16T12:01:50.902Z"}
{"data":{},"level":"info","message":"Data received","timestamp":"2025-05-16T12:01:53.810Z"}
{"error":"Cannot set headers after they are sent to the client","level":"error","message":"Error saving data","timestamp":"2025-05-16T12:01:54.178Z"}
{"data":{},"level":"info","message":"Data received","timestamp":"2025-05-16T12:01:55.897Z"}
{"data":{},"level":"info","message":"Data received","timestamp":"2025-05-16T12:01:55.907Z"}
{"data":{"headers":{"auth-token":"eyJhbGciOiJIUzI1NiIsInR5cCI6IkpXVCJ9.eyJfaWQiOiI2ODI3MjYzZDM4MWQ0MzA0Y2Y1MWRkMzQiLCJpYXQiOjE3NDczOTYxNTh9.l0NvP797oGjLSh26i8-TVrrwsuosB_uc4KJaaF35w0A"},"survey":{"feedback":"433","q1":"option1","q10":"option1, option4","q11":"option3","q12":"option2, option4","q13":"option2","q14":"option1","q15":"option1","q16":"option1","q17":"option1, option4","q18":"option1","q19":"option1","q2":"option1","q20":"option2","q21":"4654","q3":"option1","q4":"option1","q5":"option1","q6":"option1","q6_1":"option1","q6_2":"option1","q7_1":"option2_1","q7_2":"option3_2","q7_3":"option3_3","q7_4":"option5_4","q7_5":"option5_5","q7_6":"option4_6","q7_7":"option3_7","q8_1":"option2","q8_10":"option5","q8_2":"option3","q8_3":"option3","q8_4":"option2","q8_5":"option3","q8_6":"option3","q8_7":"option4","q8_8":"option4","q8_9":"option3","q9":"option10"},"uniqueId":"68271e02ffa5bd816f004ee2"},"level":"info","message":"Data received","timestamp":"2025-05-16T12:04:04.247Z"}
{"data":{},"level":"info","message":"Data received","timestamp":"2025-05-16T12:04:07.005Z"}
{"data":{},"level":"info","message":"Data received","timestamp":"2025-05-16T12:04:07.007Z"}
{"error":"Cannot read properties of null (reading 'id')","level":"error","message":"Error saving data 12","timestamp":"2025-05-16T12:04:07.121Z"}
{"data":{},"level":"info","message":"Data received","timestamp":"2025-05-16T12:04:15.089Z"}
{"data":{"headers":{"auth-token":"eyJhbGciOiJIUzI1NiIsInR5cCI6IkpXVCJ9.eyJfaWQiOiI2ODI3MjQ3MzM4MWQ0MzA0Y2Y1MWRjZjciLCJpYXQiOjE3NDczOTU3MDB9.lVTvqZLcwjtse_i2P5VnVuj2J8_oY74HripyZvuevy4"},"userId":"68272473381d4304cf51dcf7"},"level":"info","message":"Data received","timestamp":"2025-05-16T12:07:48.084Z"}
{"data":{"headers":{"auth-token":"eyJhbGciOiJIUzI1NiIsInR5cCI6IkpXVCJ9.eyJfaWQiOiI2ODI3MjQ3MzM4MWQ0MzA0Y2Y1MWRjZjciLCJpYXQiOjE3NDczOTU3MDB9.lVTvqZLcwjtse_i2P5VnVuj2J8_oY74HripyZvuevy4"},"userId":"68272473381d4304cf51dcf7"},"level":"info","message":"Data received","timestamp":"2025-05-16T12:07:49.476Z"}
{"data":{},"level":"info","message":"Data received news","timestamp":"2025-05-16T12:07:51.470Z"}
{"level":"info","message":"randomDoc","timestamp":"2025-05-16T12:08:26.704Z"}
{"level":"info","message":[{"__v":0,"_id":"68271e02ffa5bd816f004e4a","available":true,"createdAt":"2025-05-16T11:14:10.685Z","updatedAt":"2025-05-16T11:14:10.685Z","version":3,"yourID":"0869b2e8-588a-4080-a31a-b7e0c6ddc1b0"}],"timestamp":"2025-05-16T12:08:26.704Z"}
{"data":{"headers":{"auth-token":"eyJhbGciOiJIUzI1NiIsInR5cCI6IkpXVCJ9.eyJfaWQiOiI2ODI3MjQ3MzM4MWQ0MzA0Y2Y1MWRjZjciLCJpYXQiOjE3NDczOTU3MDB9.lVTvqZLcwjtse_i2P5VnVuj2J8_oY74HripyZvuevy4"}},"level":"info","message":"Data received","timestamp":"2025-05-16T12:08:28.773Z"}
{"data":{"feedback":"","q1":"62","q10":"","q2":"option1","q3":"option1","q4":"option1","q5":"","q6":"62","q7":"option1","q8":"option2","q9":""},"level":"info","message":"Data received","timestamp":"2025-05-16T12:08:47.136Z"}
{"data":{"headers":{"auth-token":"eyJhbGciOiJIUzI1NiIsInR5cCI6IkpXVCJ9.eyJfaWQiOiI2ODI3MjQ3MzM4MWQ0MzA0Y2Y1MWRjZjciLCJpYXQiOjE3NDczOTU3MDB9.lVTvqZLcwjtse_i2P5VnVuj2J8_oY74HripyZvuevy4"}},"level":"info","message":"Data received","timestamp":"2025-05-16T12:08:47.587Z"}
{"data":{"password":"","pool":"3","profilePicture":"Blaues Huhn.webp","username":"Plavo Pile","username_second":"Grüner Tiger"},"level":"info","message":"Data received","timestamp":"2025-05-16T12:08:51.876Z"}
{"data":{"headers":{"auth-token":"eyJhbGciOiJIUzI1NiIsInR5cCI6IkpXVCJ9.eyJfaWQiOiI2ODI3MmFkNDM4MWQ0MzA0Y2Y1MWUwMzEiLCJpYXQiOjE3NDczOTczMzJ9.lqnQCxe4cVF9550b9xaV0PLXLS7eHXy5CzYfgsdLRkQ"},"userId":"68272ad4381d4304cf51e031","version":"3"},"level":"info","message":"Data received","timestamp":"2025-05-16T12:08:52.318Z"}
{"data":{},"level":"info","message":"Data received","timestamp":"2025-05-16T12:08:53.864Z"}
{"data":{},"level":"info","message":"Data received","timestamp":"2025-05-16T12:08:53.880Z"}
{"data":{},"level":"info","message":"Data received","timestamp":"2025-05-16T12:08:54.310Z"}
{"data":{},"level":"info","message":"Data received","timestamp":"2025-05-16T12:08:54.315Z"}
{"data":{},"level":"info","message":"Data received","timestamp":"2025-05-16T12:08:54.318Z"}
{"data":{},"level":"info","message":"Data received","timestamp":"2025-05-16T12:08:54.333Z"}
{"data":{},"level":"info","message":"Data received","timestamp":"2025-05-16T12:08:54.335Z"}
{"data":{},"level":"info","message":"Data received","timestamp":"2025-05-16T12:08:54.336Z"}
{"data":{},"level":"info","message":"Data received","timestamp":"2025-05-16T12:08:54.436Z"}
{"data":{},"level":"info","message":"Data received","timestamp":"2025-05-16T12:08:54.438Z"}
{"data":{},"level":"info","message":"Data received","timestamp":"2025-05-16T12:08:54.439Z"}
{"data":{},"level":"info","message":"Data received","timestamp":"2025-05-16T12:08:54.453Z"}
{"data":{},"level":"info","message":"Data received","timestamp":"2025-05-16T12:08:54.457Z"}
{"data":{},"level":"info","message":"Data received","timestamp":"2025-05-16T12:08:54.462Z"}
{"data":{},"level":"info","message":"Data received news","timestamp":"2025-05-16T12:09:11.968Z"}
{"data":{},"level":"info","message":"Data received news","timestamp":"2025-05-16T12:09:29.603Z"}
{"data":{},"level":"info","message":"Data received news","timestamp":"2025-05-16T12:11:02.790Z"}
{"data":{"headers":{"auth-token":"eyJhbGciOiJIUzI1NiIsInR5cCI6IkpXVCJ9.eyJfaWQiOiI2ODI3MmFkNDM4MWQ0MzA0Y2Y1MWUwMzEiLCJpYXQiOjE3NDczOTczMzJ9.lqnQCxe4cVF9550b9xaV0PLXLS7eHXy5CzYfgsdLRkQ"},"userId":"68272ad4381d4304cf51e031"},"level":"info","message":"Data received","timestamp":"2025-05-16T12:16:39.260Z"}
{"data":{"headers":{"auth-token":"eyJhbGciOiJIUzI1NiIsInR5cCI6IkpXVCJ9.eyJfaWQiOiI2ODI3MmFkNDM4MWQ0MzA0Y2Y1MWUwMzEiLCJpYXQiOjE3NDczOTczMzJ9.lqnQCxe4cVF9550b9xaV0PLXLS7eHXy5CzYfgsdLRkQ"},"userId":"68272ad4381d4304cf51e031"},"level":"info","message":"Data received","timestamp":"2025-05-16T12:17:48.893Z"}
{"data":{"headers":{"auth-token":"eyJhbGciOiJIUzI1NiIsInR5cCI6IkpXVCJ9.eyJfaWQiOiI2ODI3MmFkNDM4MWQ0MzA0Y2Y1MWUwMzEiLCJpYXQiOjE3NDczOTczMzJ9.lqnQCxe4cVF9550b9xaV0PLXLS7eHXy5CzYfgsdLRkQ"},"userId":"68272ad4381d4304cf51e031"},"level":"info","message":"Data received","timestamp":"2025-05-16T12:17:53.528Z"}
{"data":{},"level":"info","message":"Data received","timestamp":"2025-05-16T12:18:06.821Z"}
{"data":{},"level":"info","message":"Data received","timestamp":"2025-05-16T12:18:17.632Z"}
{"data":{},"level":"info","message":"Data received","timestamp":"2025-05-16T12:18:18.321Z"}
{"data":{},"level":"info","message":"Data received","timestamp":"2025-05-16T12:18:18.341Z"}
{"data":{},"level":"info","message":"Data received","timestamp":"2025-05-16T12:18:18.343Z"}
{"data":{},"level":"info","message":"Data received","timestamp":"2025-05-16T12:18:18.346Z"}
{"data":{},"level":"info","message":"Data received","timestamp":"2025-05-16T12:18:18.353Z"}
{"data":{},"level":"info","message":"Data received","timestamp":"2025-05-16T12:18:18.355Z"}
{"data":{},"level":"info","message":"Data received","timestamp":"2025-05-16T12:18:18.467Z"}
{"data":{},"level":"info","message":"Data received","timestamp":"2025-05-16T12:18:18.469Z"}
{"data":{},"level":"info","message":"Data received","timestamp":"2025-05-16T12:18:18.470Z"}
{"data":{},"level":"info","message":"Data received","timestamp":"2025-05-16T12:18:18.482Z"}
{"data":{},"level":"info","message":"Data received","timestamp":"2025-05-16T12:18:18.555Z"}
{"data":{},"level":"info","message":"Data received","timestamp":"2025-05-16T12:18:18.596Z"}
{"data":{},"level":"info","message":"Data received news","timestamp":"2025-05-16T12:19:41.053Z"}
{"data":{"headers":{"auth-token":"eyJhbGciOiJIUzI1NiIsInR5cCI6IkpXVCJ9.eyJfaWQiOiI2ODI3MmFkNDM4MWQ0MzA0Y2Y1MWUwMzEiLCJpYXQiOjE3NDczOTczMzJ9.lqnQCxe4cVF9550b9xaV0PLXLS7eHXy5CzYfgsdLRkQ"},"userId":"68272ad4381d4304cf51e031"},"level":"info","message":"Data received","timestamp":"2025-05-16T12:21:18.279Z"}
{"data":{},"level":"info","message":"Data received","timestamp":"2025-05-16T12:21:22.178Z"}
{"data":{},"level":"info","message":"Data received","timestamp":"2025-05-16T12:21:36.674Z"}
{"data":{},"level":"info","message":"Data received","timestamp":"2025-05-16T12:21:37.138Z"}
{"data":{},"level":"info","message":"Data received","timestamp":"2025-05-16T12:21:37.166Z"}
{"data":{},"level":"info","message":"Data received","timestamp":"2025-05-16T12:21:37.168Z"}
{"data":{},"level":"info","message":"Data received","timestamp":"2025-05-16T12:21:37.180Z"}
{"data":{},"level":"info","message":"Data received","timestamp":"2025-05-16T12:21:37.181Z"}
{"data":{},"level":"info","message":"Data received","timestamp":"2025-05-16T12:21:37.183Z"}
{"data":{},"level":"info","message":"Data received","timestamp":"2025-05-16T12:21:37.268Z"}
{"data":{},"level":"info","message":"Data received","timestamp":"2025-05-16T12:21:37.292Z"}
{"data":{},"level":"info","message":"Data received","timestamp":"2025-05-16T12:21:37.306Z"}
{"data":{},"level":"info","message":"Data received","timestamp":"2025-05-16T12:21:37.337Z"}
{"data":{},"level":"info","message":"Data received","timestamp":"2025-05-16T12:21:37.339Z"}
{"data":{},"level":"info","message":"Data received","timestamp":"2025-05-16T12:21:37.340Z"}
{"data":{},"level":"info","message":"Data received news","timestamp":"2025-05-16T12:22:30.470Z"}
{"data":{},"level":"info","message":"Data received news","timestamp":"2025-05-16T12:22:43.838Z"}
{"data":{},"level":"info","message":"Data received news","timestamp":"2025-05-16T12:22:49.146Z"}
{"data":{},"level":"info","message":"Data received","timestamp":"2025-05-16T12:27:05.875Z"}
{"data":{"headers":{"auth-token":"eyJhbGciOiJIUzI1NiIsInR5cCI6IkpXVCJ9.eyJfaWQiOiI2ODI3MmFkNDM4MWQ0MzA0Y2Y1MWUwMzEiLCJpYXQiOjE3NDczOTczMzJ9.lqnQCxe4cVF9550b9xaV0PLXLS7eHXy5CzYfgsdLRkQ"},"userId":"68272ad4381d4304cf51e031"},"level":"info","message":"Data received","timestamp":"2025-05-16T12:27:12.849Z"}
{"data":{},"level":"info","message":"Data received","timestamp":"2025-05-16T12:27:14.837Z"}
{"error":"Cannot set headers after they are sent to the client","level":"error","message":"Error saving data","timestamp":"2025-05-16T12:27:15.202Z"}
{"data":{},"level":"info","message":"Data received","timestamp":"2025-05-16T12:27:18.953Z"}
{"data":{},"level":"info","message":"Data received","timestamp":"2025-05-16T12:27:18.982Z"}
{"data":{"headers":{"auth-token":"eyJhbGciOiJIUzI1NiIsInR5cCI6IkpXVCJ9.eyJfaWQiOiI2ODI3MmFkNDM4MWQ0MzA0Y2Y1MWUwMzEiLCJpYXQiOjE3NDczOTczMzJ9.lqnQCxe4cVF9550b9xaV0PLXLS7eHXy5CzYfgsdLRkQ"},"survey":{"feedback":"","q1":"option3","q10":"option1, option2, option3, option9: ","q11":"option4, option5, option6, option21: ","q12":"option2, option3","q13":"option2, option3","q14":"option1","q15":"option2","q16":"option3","q17":"option2, option6","q18":"option4","q19":"option1","q2":"option2","q20":"option2","q21":"","q3":"option3","q4":"option3","q5":"option2","q6":"option1","q6_1":"option1","q6_2":"option1","q7_1":"option1_1","q7_2":"option2_2","q7_3":"option3_3","q7_4":"option4_4","q7_5":"option5_5","q7_6":"option6_6","q7_7":"option7_7","q8_1":"option1","q8_10":"option5","q8_2":"option2","q8_3":"option2","q8_4":"option2","q8_5":"option2","q8_6":"option3","q8_7":"option3","q8_8":"option3","q8_9":"option4","q9":"option3"},"uniqueId":"68271e02ffa5bd816f004e4a"},"level":"info","message":"Data received","timestamp":"2025-05-16T12:31:36.147Z"}
