{"data":{},"level":"info","message":"Data received","timestamp":"2025-03-03T17:31:30.050Z"}
{"data":{},"level":"info","message":"Data received","timestamp":"2025-03-03T17:31:30.634Z"}
{"data":{},"level":"info","message":"Data received","timestamp":"2025-03-03T17:31:39.874Z"}
{"level":"info","message":"randomDoc","timestamp":"2025-03-03T17:31:40.110Z"}
{"level":"info","message":[{"__v":0,"_id":"67b37152624dcf2d0a63adce","available":true,"createdAt":"2025-02-17T17:26:42.662Z","updatedAt":"2025-02-17T17:26:42.662Z","version":5,"yourID":"ef0e3ef9-17cc-40ea-bd6e-08e6b072020e"}],"timestamp":"2025-03-03T17:31:40.110Z"}
{"data":{"headers":{"auth-token":"eyJhbGciOiJIUzI1NiIsInR5cCI6IkpXVCJ9.eyJfaWQiOiI2N2M0NmI5MWJiMTU1N2MxYTMxNzIwNjkiLCJpYXQiOjE3NDA5MjU4NDF9.rP-H5xa3_AFMUz1iElHyl5EMhVazoRo6ukKlOkVaLcE"}},"level":"info","message":"Data received","timestamp":"2025-03-03T17:31:42.548Z"}
{"data":{},"level":"info","message":"Data received","timestamp":"2025-03-03T17:31:50.069Z"}
{"data":{},"level":"info","message":"Data received","timestamp":"2025-03-03T17:32:00.232Z"}
{"data":{"feedback":"","prolific_Code":"1234568","q1":"59","q10":"","q2":"option1","q3":"option2","q4":"option1","q5":"","q6":"95","q7":"option1","q8":"option1","q9":""},"level":"info","message":"Data received","timestamp":"2025-03-03T17:32:05.042Z"}
{"data":{"headers":{"auth-token":"eyJhbGciOiJIUzI1NiIsInR5cCI6IkpXVCJ9.eyJfaWQiOiI2N2M0NmI5MWJiMTU1N2MxYTMxNzIwNjkiLCJpYXQiOjE3NDA5MjU4NDF9.rP-H5xa3_AFMUz1iElHyl5EMhVazoRo6ukKlOkVaLcE"}},"level":"info","message":"Data received","timestamp":"2025-03-03T17:32:05.555Z"}
{"data":{"password":"","pool":"5","profilePicture":"Rosa Biene.webp","username":"Rosa Biene","username_second":"Blauer Wissenschaftler"},"level":"info","message":"Data received","timestamp":"2025-03-03T17:32:08.499Z"}
{"data":{"headers":{"auth-token":"eyJhbGciOiJIUzI1NiIsInR5cCI6IkpXVCJ9.eyJfaWQiOiI2N2M1ZTc5ODU2ODY1NTBjMTljYjAwNmUiLCJpYXQiOjE3NDEwMjMxMjh9.sbGzQb1GR-J3ytWsuHETYOEITx_e6_T9wc9hhBGvPMA"},"userId":"67c5e7985686550c19cb006e","version":"5"},"level":"info","message":"Data received","timestamp":"2025-03-03T17:32:09.089Z"}
{"data":{},"level":"info","message":"Data received","timestamp":"2025-03-03T17:32:10.353Z"}
{"data":{},"level":"info","message":"Data received","timestamp":"2025-03-03T17:32:10.355Z"}
{"data":{},"level":"info","message":"Data received","timestamp":"2025-03-03T17:32:10.630Z"}
{"data":{},"level":"info","message":"Data received","timestamp":"2025-03-03T17:32:10.821Z"}
{"data":{},"level":"info","message":"Data received","timestamp":"2025-03-03T17:32:11.002Z"}
{"data":{},"level":"info","message":"Data received","timestamp":"2025-03-03T17:32:11.004Z"}
{"data":{},"level":"info","message":"Data received","timestamp":"2025-03-03T17:32:11.006Z"}
{"data":{},"level":"info","message":"Data received","timestamp":"2025-03-03T17:32:11.081Z"}
{"data":{},"level":"info","message":"Data received","timestamp":"2025-03-03T17:32:11.155Z"}
{"data":{},"level":"info","message":"Data received","timestamp":"2025-03-03T17:32:11.157Z"}
{"data":{},"level":"info","message":"Data received","timestamp":"2025-03-03T17:32:11.202Z"}
{"data":{},"level":"info","message":"Data received","timestamp":"2025-03-03T17:32:11.229Z"}
{"data":{},"level":"info","message":"Data received","timestamp":"2025-03-03T17:32:20.454Z"}
{"data":{},"level":"info","message":"Data received","timestamp":"2025-03-03T17:32:20.814Z"}
{"data":{},"level":"info","message":"Data received","timestamp":"2025-03-03T17:32:20.819Z"}
{"data":{},"level":"info","message":"Data received","timestamp":"2025-03-03T17:32:30.404Z"}
{"data":{},"level":"info","message":"Data received","timestamp":"2025-03-03T17:32:31.001Z"}
{"data":{},"level":"info","message":"Data received","timestamp":"2025-03-03T17:32:40.403Z"}
{"data":{},"level":"info","message":"Data received","timestamp":"2025-03-03T17:32:41.184Z"}
{"data":{},"level":"info","message":"Data received","timestamp":"2025-03-03T17:32:50.499Z"}
{"data":{},"level":"info","message":"Data received","timestamp":"2025-03-03T17:32:51.261Z"}
{"data":{},"level":"info","message":"Data received","timestamp":"2025-03-03T17:33:00.443Z"}
{"data":{},"level":"info","message":"Data received","timestamp":"2025-03-03T17:33:00.821Z"}
{"data":{},"level":"info","message":"Data received","timestamp":"2025-03-03T17:33:02.920Z"}
{"data":{},"level":"info","message":"Data received","timestamp":"2025-03-03T17:33:10.538Z"}
{"data":{},"level":"info","message":"Data received","timestamp":"2025-03-03T17:33:11.484Z"}
{"data":{},"level":"info","message":"Data received","timestamp":"2025-03-03T17:33:20.511Z"}
{"data":{},"level":"info","message":"Data received","timestamp":"2025-03-03T17:33:21.592Z"}
{"data":{},"level":"info","message":"Data received","timestamp":"2025-03-03T17:33:30.534Z"}
{"data":{},"level":"info","message":"Data received","timestamp":"2025-03-03T17:33:31.727Z"}
{"data":{},"level":"info","message":"Data received","timestamp":"2025-03-03T17:33:40.516Z"}
{"data":{},"level":"info","message":"Data received","timestamp":"2025-03-03T17:33:41.891Z"}
{"data":{},"level":"info","message":"Data received","timestamp":"2025-03-03T17:33:50.784Z"}
{"data":{},"level":"info","message":"Data received","timestamp":"2025-03-03T17:33:52.055Z"}
{"data":{},"level":"info","message":"Data received","timestamp":"2025-03-03T17:34:00.528Z"}
{"data":{},"level":"info","message":"Data received","timestamp":"2025-03-03T17:34:02.143Z"}
{"data":{},"level":"info","message":"Data received","timestamp":"2025-03-03T17:34:10.569Z"}
{"data":{},"level":"info","message":"Data received","timestamp":"2025-03-03T17:34:12.218Z"}
{"data":{},"level":"info","message":"Data received","timestamp":"2025-03-03T17:34:20.555Z"}
{"data":{},"level":"info","message":"Data received","timestamp":"2025-03-03T17:34:22.376Z"}
{"data":{},"level":"info","message":"Data received","timestamp":"2025-03-03T17:35:04.421Z"}
{"data":{},"level":"info","message":"Data received","timestamp":"2025-03-03T17:35:05.389Z"}
{"data":{},"level":"info","message":"Data received","timestamp":"2025-03-03T17:35:05.392Z"}
{"data":{},"level":"info","message":"Data received","timestamp":"2025-03-03T17:35:06.119Z"}
{"data":{},"level":"info","message":"Data received","timestamp":"2025-03-03T17:35:06.133Z"}
{"data":{},"level":"info","message":"Data received","timestamp":"2025-03-03T17:35:06.234Z"}
{"data":{},"level":"info","message":"Data received","timestamp":"2025-03-03T17:35:06.465Z"}
{"data":{},"level":"info","message":"Data received","timestamp":"2025-03-03T17:35:06.474Z"}
{"data":{},"level":"info","message":"Data received","timestamp":"2025-03-03T17:35:06.482Z"}
{"data":{},"level":"info","message":"Data received","timestamp":"2025-03-03T17:35:06.484Z"}
{"data":{},"level":"info","message":"Data received","timestamp":"2025-03-03T17:35:06.486Z"}
{"data":{},"level":"info","message":"Data received","timestamp":"2025-03-03T17:35:06.515Z"}
{"data":{},"level":"info","message":"Data received","timestamp":"2025-03-03T17:35:13.088Z"}
{"data":{},"level":"info","message":"Data received","timestamp":"2025-03-03T17:35:15.440Z"}
{"data":{},"level":"info","message":"Data received","timestamp":"2025-03-03T17:35:23.194Z"}
{"data":{},"level":"info","message":"Data received","timestamp":"2025-03-03T17:35:25.429Z"}
{"data":{},"level":"info","message":"Data received","timestamp":"2025-03-03T17:35:33.267Z"}
{"data":{},"level":"info","message":"Data received","timestamp":"2025-03-03T17:35:35.434Z"}
{"data":{},"level":"info","message":"Data received","timestamp":"2025-03-03T17:35:43.363Z"}
{"data":{},"level":"info","message":"Data received","timestamp":"2025-03-03T17:35:45.433Z"}
{"data":{},"level":"info","message":"Data received","timestamp":"2025-03-03T17:35:53.448Z"}
{"data":{},"level":"info","message":"Data received","timestamp":"2025-03-03T17:35:55.457Z"}
{"data":{},"level":"info","message":"Data received","timestamp":"2025-03-03T17:36:05.658Z"}
{"data":{},"level":"info","message":"Data received","timestamp":"2025-03-03T17:36:05.664Z"}
{"data":{},"level":"info","message":"Data received","timestamp":"2025-03-03T17:36:14.983Z"}
{"data":{},"level":"info","message":"Data received","timestamp":"2025-03-03T17:36:15.460Z"}
{"data":{},"level":"info","message":"Data received","timestamp":"2025-03-03T17:36:23.957Z"}
{"data":{},"level":"info","message":"Data received","timestamp":"2025-03-03T17:36:25.447Z"}
{"data":{},"level":"info","message":"Data received","timestamp":"2025-03-03T17:36:33.980Z"}
{"data":{},"level":"info","message":"Data received","timestamp":"2025-03-03T17:36:36.526Z"}
{"data":{},"level":"info","message":"Data received","timestamp":"2025-03-03T17:36:44.011Z"}
{"data":{},"level":"info","message":"Data received","timestamp":"2025-03-03T17:36:45.497Z"}
{"data":{},"level":"info","message":"Data received","timestamp":"2025-03-03T17:36:54.217Z"}
{"data":{},"level":"info","message":"Data received","timestamp":"2025-03-03T17:36:55.489Z"}
{"data":{},"level":"info","message":"Data received","timestamp":"2025-03-03T17:37:04.415Z"}
{"data":{},"level":"info","message":"Data received","timestamp":"2025-03-03T17:37:05.501Z"}
{"data":{},"level":"info","message":"Data received","timestamp":"2025-03-03T17:37:14.366Z"}
{"data":{},"level":"info","message":"Data received","timestamp":"2025-03-03T17:37:15.500Z"}
{"data":{},"level":"info","message":"Data received","timestamp":"2025-03-03T17:37:24.543Z"}
{"data":{},"level":"info","message":"Data received","timestamp":"2025-03-03T17:37:25.514Z"}
{"data":{},"level":"info","message":"Data received","timestamp":"2025-03-03T17:37:34.553Z"}
{"data":{},"level":"info","message":"Data received","timestamp":"2025-03-03T17:37:35.545Z"}
{"data":{},"level":"info","message":"Data received","timestamp":"2025-03-03T17:37:44.623Z"}
{"data":{},"level":"info","message":"Data received","timestamp":"2025-03-03T17:37:45.590Z"}
{"data":{},"level":"info","message":"Data received","timestamp":"2025-03-03T17:37:54.797Z"}
{"data":{},"level":"info","message":"Data received","timestamp":"2025-03-03T17:37:55.552Z"}
{"data":{},"level":"info","message":"Data received","timestamp":"2025-03-03T17:38:04.925Z"}
{"data":{},"level":"info","message":"Data received","timestamp":"2025-03-03T17:38:05.545Z"}
{"data":{},"level":"info","message":"Data received","timestamp":"2025-03-03T17:38:15.019Z"}
{"data":{},"level":"info","message":"Data received","timestamp":"2025-03-03T17:38:15.541Z"}
{"data":{},"level":"info","message":"Data received","timestamp":"2025-03-03T17:38:25.195Z"}
{"data":{},"level":"info","message":"Data received","timestamp":"2025-03-03T17:38:25.620Z"}
{"data":{},"level":"info","message":"Data received","timestamp":"2025-03-03T17:38:35.342Z"}
{"data":{},"level":"info","message":"Data received","timestamp":"2025-03-03T17:38:35.632Z"}
{"data":{},"level":"info","message":"Data received","timestamp":"2025-03-03T17:38:45.389Z"}
{"data":{},"level":"info","message":"Data received","timestamp":"2025-03-03T17:38:45.642Z"}
{"data":{},"level":"info","message":"Data received","timestamp":"2025-03-03T17:38:55.497Z"}
{"data":{},"level":"info","message":"Data received","timestamp":"2025-03-03T17:38:55.652Z"}
{"data":{},"level":"info","message":"Data received","timestamp":"2025-03-03T17:39:05.703Z"}
{"data":{},"level":"info","message":"Data received","timestamp":"2025-03-03T17:39:05.719Z"}
{"data":{},"level":"info","message":"Data received","timestamp":"2025-03-03T17:39:15.760Z"}
{"data":{},"level":"info","message":"Data received","timestamp":"2025-03-03T17:39:15.776Z"}
{"data":{},"level":"info","message":"Data received","timestamp":"2025-03-03T17:39:25.712Z"}
{"data":{},"level":"info","message":"Data received","timestamp":"2025-03-03T17:39:26.024Z"}
{"data":{},"level":"info","message":"Data received","timestamp":"2025-03-03T17:39:35.701Z"}
{"data":{},"level":"info","message":"Data received","timestamp":"2025-03-03T17:39:36.263Z"}
{"data":{},"level":"info","message":"Data received","timestamp":"2025-03-03T17:39:45.747Z"}
{"data":{},"level":"info","message":"Data received","timestamp":"2025-03-03T17:40:25.767Z"}
{"data":{},"level":"info","message":"Data received","timestamp":"2025-03-03T17:40:26.628Z"}
{"data":{},"level":"info","message":"Data received","timestamp":"2025-03-03T17:40:31.449Z"}
{"data":{},"level":"info","message":"Data received","timestamp":"2025-03-03T17:40:31.453Z"}
{"data":{},"level":"info","message":"Data received","timestamp":"2025-03-03T17:40:32.078Z"}
{"data":{},"level":"info","message":"Data received","timestamp":"2025-03-03T17:40:32.080Z"}
{"data":{},"level":"info","message":"Data received","timestamp":"2025-03-03T17:40:32.143Z"}
{"data":{},"level":"info","message":"Data received","timestamp":"2025-03-03T17:40:32.397Z"}
{"data":{},"level":"info","message":"Data received","timestamp":"2025-03-03T17:40:32.503Z"}
{"data":{},"level":"info","message":"Data received","timestamp":"2025-03-03T17:40:32.505Z"}
{"data":{},"level":"info","message":"Data received","timestamp":"2025-03-03T17:40:32.507Z"}
{"data":{},"level":"info","message":"Data received","timestamp":"2025-03-03T17:40:32.510Z"}
{"data":{},"level":"info","message":"Data received","timestamp":"2025-03-03T17:40:32.524Z"}
{"data":{"headers":{"auth-token":"eyJhbGciOiJIUzI1NiIsInR5cCI6IkpXVCJ9.eyJfaWQiOiI2N2M1ZTc5ODU2ODY1NTBjMTljYjAwNmUiLCJpYXQiOjE3NDEwMjMxMjh9.sbGzQb1GR-J3ytWsuHETYOEITx_e6_T9wc9hhBGvPMA"},"userId":"67c5e7985686550c19cb006e","version":"5"},"level":"info","message":"Data received","timestamp":"2025-03-03T17:40:33.703Z"}
{"data":{},"level":"info","message":"Data received","timestamp":"2025-03-03T17:40:36.832Z"}
{"data":{},"level":"info","message":"Data received","timestamp":"2025-03-03T17:40:41.507Z"}
{"data":{},"level":"info","message":"Data received","timestamp":"2025-03-03T17:40:47.039Z"}
{"data":{},"level":"info","message":"Data received","timestamp":"2025-03-03T17:40:51.493Z"}
{"data":{},"level":"info","message":"Data received","timestamp":"2025-03-03T17:40:51.873Z"}
{"data":{},"level":"info","message":"Data received","timestamp":"2025-03-03T17:40:57.061Z"}
{"data":{},"level":"info","message":"Data received","timestamp":"2025-03-03T17:41:01.526Z"}
{"data":{},"level":"info","message":"Data received","timestamp":"2025-03-03T17:41:07.269Z"}
{"data":{},"level":"info","message":"Data received","timestamp":"2025-03-03T17:41:11.524Z"}
{"data":{},"level":"info","message":"Data received","timestamp":"2025-03-03T17:41:17.332Z"}
{"data":{},"level":"info","message":"Data received","timestamp":"2025-03-03T17:41:21.990Z"}
{"data":{},"level":"info","message":"Data received","timestamp":"2025-03-03T17:41:27.526Z"}
{"data":{},"level":"info","message":"Data received","timestamp":"2025-03-03T17:41:31.528Z"}
{"data":{},"level":"info","message":"Data received","timestamp":"2025-03-03T17:41:37.645Z"}
{"data":{},"level":"info","message":"Data received","timestamp":"2025-03-03T17:41:41.548Z"}
{"data":{},"level":"info","message":"Data received","timestamp":"2025-03-03T17:41:48.021Z"}
{"data":{},"level":"info","message":"Data received","timestamp":"2025-03-03T17:41:51.568Z"}
{"data":{},"level":"info","message":"Data received","timestamp":"2025-03-03T17:41:58.072Z"}
{"data":{},"level":"info","message":"Data received","timestamp":"2025-03-03T17:42:01.568Z"}
{"data":{},"level":"info","message":"Data received","timestamp":"2025-03-03T17:42:08.224Z"}
{"data":{},"level":"info","message":"Data received","timestamp":"2025-03-03T17:42:11.575Z"}
{"data":{},"level":"info","message":"Data received","timestamp":"2025-03-03T17:42:18.313Z"}
{"data":{},"level":"info","message":"Data received","timestamp":"2025-03-03T17:42:21.583Z"}
{"data":{},"level":"info","message":"Data received","timestamp":"2025-03-03T17:42:28.508Z"}
{"data":{},"level":"info","message":"Data received","timestamp":"2025-03-03T17:42:31.596Z"}
{"data":{},"level":"info","message":"Data received","timestamp":"2025-03-03T17:43:27.467Z"}
{"data":{},"level":"info","message":"Data received","timestamp":"2025-03-03T17:43:27.476Z"}
{"data":{},"level":"info","message":"Data received","timestamp":"2025-03-03T17:43:27.856Z"}
{"data":{},"level":"info","message":"Data received","timestamp":"2025-03-03T17:43:28.085Z"}
{"data":{},"level":"info","message":"Data received","timestamp":"2025-03-03T17:43:28.087Z"}
{"data":{},"level":"info","message":"Data received","timestamp":"2025-03-03T17:43:28.099Z"}
{"data":{},"level":"info","message":"Data received","timestamp":"2025-03-03T17:43:28.269Z"}
{"data":{},"level":"info","message":"Data received","timestamp":"2025-03-03T17:43:28.283Z"}
{"data":{},"level":"info","message":"Data received","timestamp":"2025-03-03T17:43:28.483Z"}
{"data":{},"level":"info","message":"Data received","timestamp":"2025-03-03T17:43:28.489Z"}
{"data":{},"level":"info","message":"Data received","timestamp":"2025-03-03T17:43:28.516Z"}
{"data":{},"level":"info","message":"Data received","timestamp":"2025-03-03T17:43:29.161Z"}
{"data":{"headers":{"auth-token":"eyJhbGciOiJIUzI1NiIsInR5cCI6IkpXVCJ9.eyJfaWQiOiI2N2M1ZTc5ODU2ODY1NTBjMTljYjAwNmUiLCJpYXQiOjE3NDEwMjMxMjh9.sbGzQb1GR-J3ytWsuHETYOEITx_e6_T9wc9hhBGvPMA"},"userId":"67c5e7985686550c19cb006e","version":"5"},"level":"info","message":"Data received","timestamp":"2025-03-03T17:43:31.808Z"}
{"data":{},"level":"info","message":"Data received","timestamp":"2025-03-03T17:43:37.542Z"}
{"data":{},"level":"info","message":"Data received","timestamp":"2025-03-03T17:43:39.208Z"}
{"data":{},"level":"info","message":"Data received","timestamp":"2025-03-03T17:43:47.569Z"}
{"data":{},"level":"info","message":"Data received","timestamp":"2025-03-03T17:43:49.316Z"}
{"data":{},"level":"info","message":"Data received","timestamp":"2025-03-03T17:43:57.570Z"}
{"data":{},"level":"info","message":"Data received","timestamp":"2025-03-03T17:43:59.387Z"}
{"data":{},"level":"info","message":"Data received","timestamp":"2025-03-03T17:44:10.622Z"}
{"data":{},"level":"info","message":"Data received","timestamp":"2025-03-03T17:44:15.046Z"}
{"data":{},"level":"info","message":"Data received","timestamp":"2025-03-03T17:44:15.049Z"}
{"data":{},"level":"info","message":"Data received","timestamp":"2025-03-03T17:44:15.527Z"}
{"data":{},"level":"info","message":"Data received","timestamp":"2025-03-03T17:44:15.574Z"}
{"data":{},"level":"info","message":"Data received","timestamp":"2025-03-03T17:44:15.876Z"}
{"data":{},"level":"info","message":"Data received","timestamp":"2025-03-03T17:44:15.895Z"}
{"data":{},"level":"info","message":"Data received","timestamp":"2025-03-03T17:44:16.109Z"}
{"data":{},"level":"info","message":"Data received","timestamp":"2025-03-03T17:44:16.237Z"}
{"data":{},"level":"info","message":"Data received","timestamp":"2025-03-03T17:44:16.241Z"}
{"data":{},"level":"info","message":"Data received","timestamp":"2025-03-03T17:44:16.260Z"}
{"data":{},"level":"info","message":"Data received","timestamp":"2025-03-03T17:44:16.406Z"}
{"data":{"headers":{"auth-token":"eyJhbGciOiJIUzI1NiIsInR5cCI6IkpXVCJ9.eyJfaWQiOiI2N2M1ZTc5ODU2ODY1NTBjMTljYjAwNmUiLCJpYXQiOjE3NDEwMjMxMjh9.sbGzQb1GR-J3ytWsuHETYOEITx_e6_T9wc9hhBGvPMA"},"userId":"67c5e7985686550c19cb006e","version":"5"},"level":"info","message":"Data received","timestamp":"2025-03-03T17:44:18.952Z"}
{"data":{},"level":"info","message":"Data received","timestamp":"2025-03-03T17:44:20.039Z"}
{"data":{},"level":"info","message":"Data received","timestamp":"2025-03-03T17:44:25.043Z"}
{"data":{},"level":"info","message":"Data received","timestamp":"2025-03-03T17:44:30.200Z"}
{"data":{},"level":"info","message":"Data received","timestamp":"2025-03-03T17:44:35.063Z"}
{"data":{},"level":"info","message":"Data received","timestamp":"2025-03-03T17:44:40.406Z"}
{"data":{},"level":"info","message":"Data received","timestamp":"2025-03-03T17:44:45.053Z"}
{"data":{},"level":"info","message":"Data received","timestamp":"2025-03-03T17:44:50.739Z"}
{"data":{},"level":"info","message":"Data received","timestamp":"2025-03-03T17:44:55.061Z"}
{"data":{},"level":"info","message":"Data received","timestamp":"2025-03-03T17:45:00.835Z"}
{"data":{},"level":"info","message":"Data received","timestamp":"2025-03-03T17:45:05.075Z"}
{"data":{},"level":"info","message":"Data received","timestamp":"2025-03-03T17:45:10.938Z"}
{"data":{},"level":"info","message":"Data received","timestamp":"2025-03-03T17:45:21.073Z"}
{"data":{},"level":"info","message":"Data received","timestamp":"2025-03-03T17:45:31.482Z"}
{"data":{},"level":"info","message":"Data received","timestamp":"2025-03-03T17:45:31.952Z"}
{"data":{},"level":"info","message":"Data received","timestamp":"2025-03-03T17:45:31.955Z"}
{"data":{},"level":"info","message":"Data received","timestamp":"2025-03-03T17:45:32.376Z"}
{"data":{},"level":"info","message":"Data received","timestamp":"2025-03-03T17:45:32.394Z"}
{"data":{},"level":"info","message":"Data received","timestamp":"2025-03-03T17:45:32.753Z"}
{"data":{},"level":"info","message":"Data received","timestamp":"2025-03-03T17:45:32.755Z"}
{"data":{},"level":"info","message":"Data received","timestamp":"2025-03-03T17:45:32.975Z"}
{"data":{},"level":"info","message":"Data received","timestamp":"2025-03-03T17:45:32.977Z"}
{"data":{},"level":"info","message":"Data received","timestamp":"2025-03-03T17:45:33.083Z"}
{"data":{},"level":"info","message":"Data received","timestamp":"2025-03-03T17:45:33.085Z"}
{"data":{},"level":"info","message":"Data received","timestamp":"2025-03-03T17:45:33.113Z"}
{"data":{"headers":{"auth-token":"eyJhbGciOiJIUzI1NiIsInR5cCI6IkpXVCJ9.eyJfaWQiOiI2N2M1ZTc5ODU2ODY1NTBjMTljYjAwNmUiLCJpYXQiOjE3NDEwMjMxMjh9.sbGzQb1GR-J3ytWsuHETYOEITx_e6_T9wc9hhBGvPMA"},"userId":"67c5e7985686550c19cb006e","version":"5"},"level":"info","message":"Data received","timestamp":"2025-03-03T17:45:40.989Z"}
{"data":{},"level":"info","message":"Data received","timestamp":"2025-03-03T17:45:41.300Z"}
{"data":{},"level":"info","message":"Data received","timestamp":"2025-03-03T17:45:41.975Z"}
{"data":{},"level":"info","message":"Data received","timestamp":"2025-03-03T17:45:51.461Z"}
{"data":{},"level":"info","message":"Data received","timestamp":"2025-03-03T17:45:51.978Z"}
{"data":{},"level":"info","message":"Data received","timestamp":"2025-03-03T17:46:01.669Z"}
{"data":{},"level":"info","message":"Data received","timestamp":"2025-03-03T17:46:02.090Z"}
{"data":{},"level":"info","message":"Data received","timestamp":"2025-03-03T17:46:11.766Z"}
{"data":{},"level":"info","message":"Data received","timestamp":"2025-03-03T17:46:12.270Z"}
{"data":{},"level":"info","message":"Data received","timestamp":"2025-03-03T17:46:21.846Z"}
{"data":{},"level":"info","message":"Data received","timestamp":"2025-03-03T17:46:22.079Z"}
{"data":{},"level":"info","message":"Data received","timestamp":"2025-03-03T17:46:31.954Z"}
{"data":{},"level":"info","message":"Data received","timestamp":"2025-03-03T17:46:32.103Z"}
{"data":{},"level":"info","message":"Data received","timestamp":"2025-03-03T17:46:42.170Z"}
{"data":{},"level":"info","message":"Data received","timestamp":"2025-03-03T17:46:42.181Z"}
{"data":{},"level":"info","message":"Data received","timestamp":"2025-03-03T17:47:56.575Z"}
{"data":{},"level":"info","message":"Data received","timestamp":"2025-03-03T17:47:56.582Z"}
{"data":{},"level":"info","message":"Data received","timestamp":"2025-03-03T17:48:02.446Z"}
{"data":{},"level":"info","message":"Data received","timestamp":"2025-03-03T17:48:03.460Z"}
{"data":{},"level":"info","message":"Data received","timestamp":"2025-03-03T17:48:03.464Z"}
{"data":{},"level":"info","message":"Data received","timestamp":"2025-03-03T17:48:03.644Z"}
{"data":{},"level":"info","message":"Data received","timestamp":"2025-03-03T17:48:03.857Z"}
{"data":{},"level":"info","message":"Data received","timestamp":"2025-03-03T17:48:04.030Z"}
{"data":{},"level":"info","message":"Data received","timestamp":"2025-03-03T17:48:04.188Z"}
{"data":{},"level":"info","message":"Data received","timestamp":"2025-03-03T17:48:04.395Z"}
{"data":{},"level":"info","message":"Data received","timestamp":"2025-03-03T17:48:04.397Z"}
{"data":{},"level":"info","message":"Data received","timestamp":"2025-03-03T17:48:04.415Z"}
{"data":{},"level":"info","message":"Data received","timestamp":"2025-03-03T17:48:04.903Z"}
{"data":{},"level":"info","message":"Data received","timestamp":"2025-03-03T17:48:04.906Z"}
{"data":{},"level":"info","message":"Data received","timestamp":"2025-03-03T17:48:04.962Z"}
{"data":{},"level":"info","message":"Data received","timestamp":"2025-03-03T17:48:05.116Z"}
{"data":{},"level":"info","message":"Data received","timestamp":"2025-03-03T17:48:06.730Z"}
{"data":{},"level":"info","message":"Data received","timestamp":"2025-03-03T17:48:07.131Z"}
{"data":{},"level":"info","message":"Data received","timestamp":"2025-03-03T17:48:13.548Z"}
{"data":{"headers":{"auth-token":"eyJhbGciOiJIUzI1NiIsInR5cCI6IkpXVCJ9.eyJfaWQiOiI2N2M1ZTc5ODU2ODY1NTBjMTljYjAwNmUiLCJpYXQiOjE3NDEwMjMxMjh9.sbGzQb1GR-J3ytWsuHETYOEITx_e6_T9wc9hhBGvPMA"},"userId":"67c5e7985686550c19cb006e","version":"5"},"level":"info","message":"Data received","timestamp":"2025-03-03T17:48:13.719Z"}
{"error":"Cannot read properties of null (reading 'pool')","level":"error","message":"Error saving data","timestamp":"2025-03-03T17:48:13.830Z"}
{"data":{},"level":"info","message":"Data received","timestamp":"2025-03-03T17:48:16.233Z"}
{"data":{},"level":"info","message":"Data received","timestamp":"2025-03-03T17:48:23.572Z"}
{"data":{},"level":"info","message":"Data received","timestamp":"2025-03-03T17:48:26.323Z"}
{"data":{},"level":"info","message":"Data received","timestamp":"2025-03-03T17:48:26.700Z"}
{"data":{},"level":"info","message":"Data received","timestamp":"2025-03-03T17:48:33.542Z"}
{"data":{},"level":"info","message":"Data received","timestamp":"2025-03-03T17:48:36.518Z"}
{"data":{},"level":"info","message":"Data received","timestamp":"2025-03-03T17:48:43.557Z"}
{"data":{},"level":"info","message":"Data received","timestamp":"2025-03-03T17:48:46.568Z"}
{"data":{},"level":"info","message":"Data received","timestamp":"2025-03-03T17:50:33.905Z"}
{"data":{},"level":"info","message":"Data received","timestamp":"2025-03-03T17:50:34.406Z"}
{"data":{},"level":"info","message":"Data received","timestamp":"2025-03-03T17:50:34.733Z"}
{"data":{},"level":"info","message":"Data received","timestamp":"2025-03-03T17:50:35.104Z"}
{"data":{},"level":"info","message":"Data received","timestamp":"2025-03-03T17:50:38.954Z"}
{"data":{},"level":"info","message":"Data received","timestamp":"2025-03-03T17:50:43.635Z"}
{"data":{},"level":"info","message":"Data received","timestamp":"2025-03-03T17:50:48.909Z"}
{"data":{},"level":"info","message":"Data received","timestamp":"2025-03-03T17:50:53.647Z"}
{"data":{},"level":"info","message":"Data received","timestamp":"2025-03-03T17:51:29.501Z"}
{"data":{},"level":"info","message":"Data received","timestamp":"2025-03-03T17:51:33.701Z"}
{"level":"info","message":"randomDoc","timestamp":"2025-03-03T20:14:42.934Z"}
{"level":"info","message":[{"__v":0,"_id":"67b37152624dcf2d0a63ab8d","available":true,"createdAt":"2025-02-17T17:26:42.653Z","updatedAt":"2025-02-17T17:26:42.653Z","version":3,"yourID":"4e243aad-b1a0-4af8-b03c-c7020155c982"}],"timestamp":"2025-03-03T20:14:42.937Z"}
{"data":{"headers":{"auth-token":"eyJhbGciOiJIUzI1NiIsInR5cCI6IkpXVCJ9.eyJfaWQiOiI2Nzg0ZGFkYTYzZjkwYzhjMTM4MmEyOWEiLCJpYXQiOjE3Mzg2MTIyNjJ9.8a8tLBZPxhNZtBi2Ej6DqjAbVRoU4xsJ1qy7zkKDuj0"}},"level":"info","message":"Data received","timestamp":"2025-03-03T20:14:45.071Z"}
{"data":{"feedback":"","prolific_Code":"4665555","q1":"45","q10":"","q2":"option2","q3":"option2","q4":"option1","q5":"","q6":"87","q7":"option1","q8":"option5","q9":""},"level":"info","message":"Data received","timestamp":"2025-03-03T20:15:08.874Z"}
{"data":{"headers":{"auth-token":"eyJhbGciOiJIUzI1NiIsInR5cCI6IkpXVCJ9.eyJfaWQiOiI2Nzg0ZGFkYTYzZjkwYzhjMTM4MmEyOWEiLCJpYXQiOjE3Mzg2MTIyNjJ9.8a8tLBZPxhNZtBi2Ej6DqjAbVRoU4xsJ1qy7zkKDuj0"}},"level":"info","message":"Data received","timestamp":"2025-03-03T20:15:09.444Z"}
{"data":{"password":"","pool":"3","profilePicture":"Schwarzer Igel.webp","username":"Schwarzer Igel","username_second":"Dunkelgraue Seekuh"},"level":"info","message":"Data received","timestamp":"2025-03-03T20:15:12.421Z"}
{"data":{"headers":{"auth-token":"eyJhbGciOiJIUzI1NiIsInR5cCI6IkpXVCJ9.eyJfaWQiOiI2N2M2MGRkMDBjZGFjYTRhYWEwM2E1OGEiLCJpYXQiOjE3NDEwMzI5MTJ9.CK0vKZX1FCvvBQxRYvXyDvd3R7kAbJgresXw3BOsWTk"},"userId":"67c60dd00cdaca4aaa03a58a","version":"3"},"level":"info","message":"Data received","timestamp":"2025-03-03T20:15:13.048Z"}
{"data":{},"level":"info","message":"Data received","timestamp":"2025-03-03T20:15:14.231Z"}
{"data":{},"level":"info","message":"Data received","timestamp":"2025-03-03T20:15:14.237Z"}
{"data":{},"level":"info","message":"Data received","timestamp":"2025-03-03T20:15:14.571Z"}
