{"level":"info","message":"randomDoc","timestamp":"2025-05-14T17:08:35.168Z"}
{"level":"info","message":[{"__v":0,"_id":"681def66ffa5bd816f003bf6","available":true,"createdAt":"2025-05-09T12:04:54.345Z","updatedAt":"2025-05-09T12:04:54.345Z","version":3,"yourID":"9dd7350f-020c-4f39-b63b-aafa16f01820"}],"timestamp":"2025-05-14T17:08:35.169Z"}
{"data":{"headers":{"auth-token":null}},"level":"info","message":"Data received","timestamp":"2025-05-14T17:08:35.966Z"}
{"data":{"feedback":"","q1":"62","q10":"","q2":"option2","q3":"option1","q4":"option1","q5":"","q6":"62","q7":"option1","q8":"option2","q9":""},"level":"info","message":"Data received","timestamp":"2025-05-14T17:08:51.870Z"}
{"data":{"headers":{"auth-token":null}},"level":"info","message":"Data received","timestamp":"2025-05-14T17:08:52.336Z"}
{"data":{"password":"","pool":"3","profilePicture":"Grauer Orca.webp","username":"Siva Orka","username_second":"Schwarze Ziege"},"level":"info","message":"Data received","timestamp":"2025-05-14T17:09:17.553Z"}
{"data":{"headers":{"auth-token":"eyJhbGciOiJIUzI1NiIsInR5cCI6IkpXVCJ9.eyJfaWQiOiI2ODI0Y2UzZDU0NDcxNmVkZmFkYTVkOWMiLCJpYXQiOjE3NDcyNDI1NTd9.3NN-Mgc-3vaFfQq1sHVsJ4gwQkiWEJMU3zyFfE24GVU"},"userId":"6824ce3d544716edfada5d9c","version":"3"},"level":"info","message":"Data received","timestamp":"2025-05-14T17:09:18.149Z"}
{"data":{},"level":"info","message":"Data received","timestamp":"2025-05-14T17:09:19.666Z"}
{"data":{},"level":"info","message":"Data received","timestamp":"2025-05-14T17:09:19.676Z"}
{"data":{},"level":"info","message":"Data received","timestamp":"2025-05-14T17:09:20.053Z"}
{"data":{},"level":"info","message":"Data received","timestamp":"2025-05-14T17:09:20.074Z"}
{"data":{},"level":"info","message":"Data received","timestamp":"2025-05-14T17:09:20.077Z"}
{"data":{},"level":"info","message":"Data received","timestamp":"2025-05-14T17:09:20.080Z"}
{"data":{},"level":"info","message":"Data received","timestamp":"2025-05-14T17:09:20.081Z"}
{"data":{},"level":"info","message":"Data received","timestamp":"2025-05-14T17:09:20.178Z"}
{"data":{},"level":"info","message":"Data received","timestamp":"2025-05-14T17:09:20.293Z"}
{"data":{},"level":"info","message":"Data received","timestamp":"2025-05-14T17:09:20.410Z"}
{"data":{},"level":"info","message":"Data received","timestamp":"2025-05-14T17:09:20.533Z"}
{"data":{},"level":"info","message":"Data received","timestamp":"2025-05-14T17:09:20.661Z"}
{"data":{},"level":"info","message":"Data received","timestamp":"2025-05-14T17:09:20.781Z"}
{"data":{},"level":"info","message":"Data received","timestamp":"2025-05-14T17:09:20.786Z"}
{"data":{},"level":"info","message":"Data received news","timestamp":"2025-05-14T17:17:30.562Z"}
{"data":{},"level":"info","message":"Data received news","timestamp":"2025-05-14T17:18:00.138Z"}
{"data":{},"level":"info","message":"Data received news","timestamp":"2025-05-14T17:18:19.704Z"}
{"data":{},"level":"info","message":"Data received news","timestamp":"2025-05-14T17:18:34.911Z"}
